2021-03-23 11:28:03.849+0900 FINE t1 Executor.registerErrorHandler: Installing default uncaught exception handler
2021-03-23 11:28:03.910+0900 INFO t1 Indexer.parseOptions: Indexer options: [-c, /usr/local/bin/ctags, -s, /local3/opengrok/src, -d, /local3/opengrok/data, -P, -S, -G, -W, /local3/opengrok/etc/configuration.xml, -U, https://automagok-grok.ap.qualcomm.com:7070/source]
2021-03-23 11:28:03.964+0900 FINER t1 ReflectionHelper$2.run: Unable to load class org.osgi.framework.BundleReference using the current class loader.
java.lang.ClassNotFoundException: org.osgi.framework.BundleReference
	at java.base/jdk.internal.loader.BuiltinClassLoader.loadClass(BuiltinClassLoader.java:581)
	at java.base/jdk.internal.loader.ClassLoaders$AppClassLoader.loadClass(ClassLoaders.java:178)
	at java.base/java.lang.ClassLoader.loadClass(ClassLoader.java:521)
	at java.base/java.lang.Class.forName0(Native Method)
	at java.base/java.lang.Class.forName(Class.java:315)
	at org.glassfish.jersey.internal.util.ReflectionHelper$2.run(ReflectionHelper.java:244)
	at org.glassfish.jersey.internal.util.ReflectionHelper$2.run(ReflectionHelper.java:229)
	at java.base/java.security.AccessController.doPrivileged(Native Method)
	at org.glassfish.jersey.internal.util.ReflectionHelper.<clinit>(ReflectionHelper.java:1470)
	at org.glassfish.jersey.internal.ServiceFinder.<clinit>(ServiceFinder.java:142)
	at org.glassfish.jersey.client.ClientConfig$State.<init>(ClientConfig.java:142)
	at org.glassfish.jersey.client.ClientConfig.<init>(ClientConfig.java:496)
	at org.glassfish.jersey.client.JerseyClientBuilder.<init>(JerseyClientBuilder.java:74)
	at java.base/jdk.internal.reflect.NativeConstructorAccessorImpl.newInstance0(Native Method)
	at java.base/jdk.internal.reflect.NativeConstructorAccessorImpl.newInstance(NativeConstructorAccessorImpl.java:62)
	at java.base/jdk.internal.reflect.DelegatingConstructorAccessorImpl.newInstance(DelegatingConstructorAccessorImpl.java:45)
	at java.base/java.lang.reflect.Constructor.newInstance(Constructor.java:490)
	at javax.ws.rs.client.FactoryFinder.newInstance(FactoryFinder.java:90)
	at javax.ws.rs.client.FactoryFinder.find(FactoryFinder.java:185)
	at javax.ws.rs.client.ClientBuilder.newBuilder(ClientBuilder.java:67)
	at javax.ws.rs.client.ClientBuilder.newClient(ClientBuilder.java:94)
	at org.opengrok.indexer.index.IndexerUtil.enableProjects(IndexerUtil.java:53)
	at org.opengrok.indexer.index.Indexer.main(Indexer.java:335)

2021-03-23 11:28:03.966+0900 CONFIG t1 ServiceFinder.<clinit>: Running in a non-OSGi environment
2021-03-23 11:28:04.001+0900 FINEST t1 ServiceFinder$LazyObjectIterator.next: Loading next object: org.glassfish.jersey.inject.hk2.Hk2InjectionManagerFactory
2021-03-23 11:28:04.016+0900 FINER t1 Logger.debug: Created ServiceLocator ServiceLocatorImpl(__HK2_Generated_0,0,1616974404)
2021-03-23 11:28:04.071+0900 FINE t1 AbstractHk2InjectionManager.<init>: Clearing Jersey HK2 caches. Service cache size: 3, reflection cache size: 20.
2021-03-23 11:28:04.095+0900 FINEST t1 ServiceFinder$LazyClassIterator.next: Loading next class: org.glassfish.jersey.logging.LoggingFeatureAutoDiscoverable
2021-03-23 11:28:04.096+0900 FINEST t1 ServiceFinder$LazyClassIterator.next: Loading next class: org.glassfish.jersey.internal.config.ExternalPropertiesAutoDiscoverable
2021-03-23 11:28:04.096+0900 FINEST t1 ServiceFinder$LazyClassIterator.next: Loading next class: org.glassfish.jersey.server.filter.internal.ServerFiltersAutoDiscoverable
2021-03-23 11:28:04.097+0900 FINEST t1 ServiceFinder$LazyClassIterator.next: Loading next class: org.glassfish.jersey.jackson.internal.JacksonAutoDiscoverable
2021-03-23 11:28:04.102+0900 FINEST t1 ServiceFinder$LazyClassIterator.next: Loading next class: org.glassfish.jersey.server.validation.internal.ValidationAutoDiscoverable
2021-03-23 11:28:04.103+0900 FINEST t1 ServiceFinder$LazyClassIterator.next: Loading next class: org.glassfish.jersey.server.wadl.internal.WadlAutoDiscoverable
2021-03-23 11:28:04.103+0900 FINEST t1 ServiceFinder$LazyClassIterator.next: Loading next class: org.glassfish.jersey.server.internal.monitoring.MonitoringAutodiscoverable
2021-03-23 11:28:04.104+0900 FINEST t1 ServiceFinder$LazyClassIterator.next: Loading next class: org.glassfish.jersey.jaxb.internal.JaxbAutoDiscoverable
2021-03-23 11:28:04.124+0900 FINER t1 SystemPropertiesConfigurationModel.getProperties: System properties configuration provider not allowed
2021-03-23 11:28:04.145+0900 FINE t1 ClientExecutorProvidersConfigurator.lookupManagedExecutorService: null
java.lang.reflect.InvocationTargetException
	at java.base/jdk.internal.reflect.NativeMethodAccessorImpl.invoke0(Native Method)
	at java.base/jdk.internal.reflect.NativeMethodAccessorImpl.invoke(NativeMethodAccessorImpl.java:62)
	at java.base/jdk.internal.reflect.DelegatingMethodAccessorImpl.invoke(DelegatingMethodAccessorImpl.java:43)
	at java.base/java.lang.reflect.Method.invoke(Method.java:566)
	at org.glassfish.jersey.client.ClientExecutorProvidersConfigurator.lookupManagedExecutorService(ClientExecutorProvidersConfigurator.java:152)
	at org.glassfish.jersey.client.ClientExecutorProvidersConfigurator.<clinit>(ClientExecutorProvidersConfigurator.java:49)
	at org.glassfish.jersey.client.ClientConfig$State.initRuntime(ClientConfig.java:442)
	at org.glassfish.jersey.internal.util.collection.Values$LazyValueImpl.get(Values.java:317)
	at org.glassfish.jersey.client.ClientConfig.getRuntime(ClientConfig.java:807)
	at org.glassfish.jersey.client.ClientRequest.getClientRuntime(ClientRequest.java:219)
	at org.glassfish.jersey.client.ClientRequest.getInjectionManager(ClientRequest.java:610)
	at org.glassfish.jersey.client.JerseyWebTarget.onBuilder(JerseyWebTarget.java:364)
	at org.glassfish.jersey.client.JerseyWebTarget.request(JerseyWebTarget.java:192)
	at org.glassfish.jersey.client.JerseyWebTarget.request(JerseyWebTarget.java:36)
	at org.opengrok.indexer.index.IndexerUtil.enableProjects(IndexerUtil.java:59)
	at org.opengrok.indexer.index.Indexer.main(Indexer.java:335)
Caused by: javax.naming.NoInitialContextException: Need to specify class name in environment or system property, or in an application resource file: java.naming.factory.initial
	at java.naming/javax.naming.spi.NamingManager.getInitialContext(NamingManager.java:685)
	at java.naming/javax.naming.InitialContext.getDefaultInitCtx(InitialContext.java:305)
	at java.naming/javax.naming.InitialContext.getURLOrDefaultInitCtx(InitialContext.java:342)
	at java.naming/javax.naming.InitialContext.lookup(InitialContext.java:409)
	... 16 more

2021-03-23 11:28:04.148+0900 FINE t1 ClientExecutorProvidersConfigurator.lookupManagedScheduledExecutorService: null
java.lang.reflect.InvocationTargetException
	at java.base/jdk.internal.reflect.NativeMethodAccessorImpl.invoke0(Native Method)
	at java.base/jdk.internal.reflect.NativeMethodAccessorImpl.invoke(NativeMethodAccessorImpl.java:62)
	at java.base/jdk.internal.reflect.DelegatingMethodAccessorImpl.invoke(DelegatingMethodAccessorImpl.java:43)
	at java.base/java.lang.reflect.Method.invoke(Method.java:566)
	at org.glassfish.jersey.client.ClientExecutorProvidersConfigurator.lookupManagedScheduledExecutorService(ClientExecutorProvidersConfigurator.java:174)
	at org.glassfish.jersey.client.ClientExecutorProvidersConfigurator.init(ClientExecutorProvidersConfigurator.java:124)
	at org.glassfish.jersey.client.ClientConfig$State.initRuntime(ClientConfig.java:447)
	at org.glassfish.jersey.internal.util.collection.Values$LazyValueImpl.get(Values.java:317)
	at org.glassfish.jersey.client.ClientConfig.getRuntime(ClientConfig.java:807)
	at org.glassfish.jersey.client.ClientRequest.getClientRuntime(ClientRequest.java:219)
	at org.glassfish.jersey.client.ClientRequest.getInjectionManager(ClientRequest.java:610)
	at org.glassfish.jersey.client.JerseyWebTarget.onBuilder(JerseyWebTarget.java:364)
	at org.glassfish.jersey.client.JerseyWebTarget.request(JerseyWebTarget.java:192)
	at org.glassfish.jersey.client.JerseyWebTarget.request(JerseyWebTarget.java:36)
	at org.opengrok.indexer.index.IndexerUtil.enableProjects(IndexerUtil.java:59)
	at org.opengrok.indexer.index.Indexer.main(Indexer.java:335)
Caused by: javax.naming.NoInitialContextException: Need to specify class name in environment or system property, or in an application resource file: java.naming.factory.initial
	at java.naming/javax.naming.spi.NamingManager.getInitialContext(NamingManager.java:685)
	at java.naming/javax.naming.InitialContext.getDefaultInitCtx(InitialContext.java:305)
	at java.naming/javax.naming.InitialContext.getURLOrDefaultInitCtx(InitialContext.java:342)
	at java.naming/javax.naming.InitialContext.lookup(InitialContext.java:409)
	... 16 more

2021-03-23 11:28:04.151+0900 CONFIG t1 ExtendedLogger.config: Selected ExecutorServiceProvider implementation [org.glassfish.jersey.client.DefaultClientAsyncExecutorProvider] to be used for injection of executor qualified by [org.glassfish.jersey.client.ClientAsyncExecutor] annotation.
2021-03-23 11:28:04.152+0900 CONFIG t1 ExtendedLogger.config: Selected ScheduledExecutorServiceProvider implementation [org.glassfish.jersey.client.DefaultClientBackgroundSchedulerProvider] to be used for injection of scheduler qualified by [org.glassfish.jersey.client.ClientBackgroundScheduler] annotation.
2021-03-23 11:28:04.189+0900 CONFIG t1 HttpUrlConnector.<init>: Restricted headers are not enabled using [sun.net.http.allowRestrictedHeaders] system property (setting only takes effect on connections created after the property has been set/changed).
2021-03-23 11:28:04.242+0900 FINE t1 EventHelper.logX509CertificateEvent: X509Certificate: Alg:SHA256withRSA, Serial:98a239, Subject:CN=Staat der Nederlanden Root CA - G3, O=Staat der Nederlanden, C=NL, Issuer:CN=Staat der Nederlanden Root CA - G3, O=Staat der Nederlanden, C=NL, Key type:RSA, Length:4096, Cert Id:-1733470677, Valid from:11/14/13, 8:28 PM, Valid until:11/14/28, 8:00 AM
2021-03-23 11:28:04.244+0900 FINE t1 EventHelper.logX509CertificateEvent: X509Certificate: Alg:SHA256withRSA, Serial:4fd22b8ff564c8339e4f345866237060, Subject:CN=UCA Extended Validation Root, O=UniTrust, C=CN, Issuer:CN=UCA Extended Validation Root, O=UniTrust, C=CN, Key type:RSA, Length:4096, Cert Id:649181271, Valid from:3/13/15, 9:00 AM, Valid until:12/31/38, 9:00 AM
2021-03-23 11:28:04.245+0900 FINE t1 EventHelper.logX509CertificateEvent: X509Certificate: Alg:SHA1withRSA, Serial:a3da427ea4b1aeda, Subject:CN=Chambers of Commerce Root - 2008, O=AC Camerfirma S.A., SERIALNUMBER=A82743287, L=Madrid (see current address at www.camerfirma.com/address), C=EU, Issuer:CN=Chambers of Commerce Root - 2008, O=AC Camerfirma S.A., SERIALNUMBER=A82743287, L=Madrid (see current address at www.camerfirma.com/address), C=EU, Key type:RSA, Length:4096, Cert Id:-28263924, Valid from:8/1/08, 9:29 PM, Valid until:7/31/38, 9:29 PM
2021-03-23 11:28:04.246+0900 FINE t1 EventHelper.logX509CertificateEvent: X509Certificate: Alg:SHA256withRSA, Serial:4bbdcced6519bbc505f7605084f1a448, Subject:CN=Qualcomm Root Certificate Authority G2, O=QUALCOMM, Issuer:CN=Qualcomm Root Certificate Authority G2, O=QUALCOMM, Key type:RSA, Length:2048, Cert Id:376254356, Valid from:5/25/12, 9:00 AM, Valid until:5/25/27, 8:59 AM
2021-03-23 11:28:04.247+0900 FINE t1 EventHelper.logX509CertificateEvent: X509Certificate: Alg:SHA256withRSA, Serial:92b888dbb08ac163, Subject:CN=CA Disig Root R2, O=Disig a.s., L=Bratislava, C=SK, Issuer:CN=CA Disig Root R2, O=Disig a.s., L=Bratislava, C=SK, Key type:RSA, Length:4096, Cert Id:747175721, Valid from:7/19/12, 6:15 PM, Valid until:7/19/42, 6:15 PM
2021-03-23 11:28:04.248+0900 FINE t1 EventHelper.logX509CertificateEvent: X509Certificate: Alg:SHA384withRSA, Serial:6d8c1446b1a60aee, Subject:CN=AffirmTrust Premium, O=AffirmTrust, C=US, Issuer:CN=AffirmTrust Premium, O=AffirmTrust, C=US, Key type:RSA, Length:4096, Cert Id:-2130283955, Valid from:1/29/10, 11:10 PM, Valid until:12/31/40, 11:10 PM
2021-03-23 11:28:04.249+0900 FINE t1 EventHelper.logX509CertificateEvent: X509Certificate: Alg:SHA384withECDSA, Serial:212a560caeda0cab4045bf2ba22d3aea, Subject:CN=OISTE WISeKey Global Root GC CA, OU=OISTE Foundation Endorsed, O=WISeKey, C=CH, Issuer:CN=OISTE WISeKey Global Root GC CA, OU=OISTE Foundation Endorsed, O=WISeKey, C=CH, Key type:EC, Length:384, Cert Id:-1513165457, Valid from:5/9/17, 6:48 PM, Valid until:5/9/42, 6:58 PM
2021-03-23 11:28:04.250+0900 FINE t1 EventHelper.logX509CertificateEvent: X509Certificate: Alg:SHA1withRSA, Serial:1, Subject:CN=GeoTrust Universal CA 2, O=GeoTrust Inc., C=US, Issuer:CN=GeoTrust Universal CA 2, O=GeoTrust Inc., C=US, Key type:RSA, Length:4096, Cert Id:-1956088749, Valid from:3/4/04, 2:00 PM, Valid until:3/4/29, 2:00 PM
2021-03-23 11:28:04.251+0900 FINE t1 EventHelper.logX509CertificateEvent: X509Certificate: Alg:SHA256withRSA, Serial:d9b5437fafa9390f000000005565ad58, Subject:CN=Entrust Root Certification Authority - G4, OU="(c) 2015 Entrust, Inc. - for authorized use only", OU=See www.entrust.net/legal-terms, O="Entrust, Inc.", C=US, Issuer:CN=Entrust Root Certification Authority - G4, OU="(c) 2015 Entrust, Inc. - for authorized use only", OU=See www.entrust.net/legal-terms, O="Entrust, Inc.", C=US, Key type:RSA, Length:4096, Cert Id:1368037548, Valid from:5/27/15, 8:11 PM, Valid until:12/27/37, 8:41 PM
2021-03-23 11:28:04.252+0900 FINE t1 EventHelper.logX509CertificateEvent: X509Certificate: Alg:SHA256withRSA, Serial:25a1dfca33cb5902, Subject:CN=TrustCor RootCert CA-2, OU=TrustCor Certificate Authority, O=TrustCor Systems S. de R.L., L=Panama City, ST=Panama, C=PA, Issuer:CN=TrustCor RootCert CA-2, OU=TrustCor Certificate Authority, O=TrustCor Systems S. de R.L., L=Panama City, ST=Panama, C=PA, Key type:RSA, Length:4096, Cert Id:1646661199, Valid from:2/4/16, 9:32 PM, Valid until:1/1/35, 2:26 AM
2021-03-23 11:28:04.254+0900 FINE t1 EventHelper.logX509CertificateEvent: X509Certificate: Alg:SHA1withRSA, Serial:5ec3b7a6437fa4e0, Subject:C=ES, O=ACCV, OU=PKIACCV, CN=ACCVRAIZ1, Issuer:C=ES, O=ACCV, OU=PKIACCV, CN=ACCVRAIZ1, Key type:RSA, Length:4096, Cert Id:-592111236, Valid from:5/5/11, 6:37 PM, Valid until:12/31/30, 6:37 PM
2021-03-23 11:28:04.255+0900 FINE t1 EventHelper.logX509CertificateEvent: X509Certificate: Alg:SHA256withRSA, Serial:0, Subject:OU=Security Communication RootCA2, O="SECOM Trust Systems CO.,LTD.", C=JP, Issuer:OU=Security Communication RootCA2, O="SECOM Trust Systems CO.,LTD.", C=JP, Key type:RSA, Length:2048, Cert Id:1521072570, Valid from:5/29/09, 2:00 PM, Valid until:5/29/29, 2:00 PM
2021-03-23 11:28:04.255+0900 FINE t1 EventHelper.logX509CertificateEvent: X509Certificate: Alg:SHA1withRSA, Serial:50946cec18ead59c4dd597ef758fa0ad, Subject:CN=XRamp Global Certification Authority, O=XRamp Security Services Inc, OU=www.xrampsecurity.com, C=US, Issuer:CN=XRamp Global Certification Authority, O=XRamp Security Services Inc, OU=www.xrampsecurity.com, C=US, Key type:RSA, Length:2048, Cert Id:-952474086, Valid from:11/2/04, 2:14 AM, Valid until:1/1/35, 2:37 PM
2021-03-23 11:28:04.256+0900 FINE t1 EventHelper.logX509CertificateEvent: X509Certificate: Alg:SHA1withRSA, Serial:75622a4e8d48a894df413c8f0f8eaa5, Subject:CN=Secure Global CA, O=SecureTrust Corporation, C=US, Issuer:CN=Secure Global CA, O=SecureTrust Corporation, C=US, Key type:RSA, Length:2048, Cert Id:-1476772975, Valid from:11/8/06, 4:42 AM, Valid until:1/1/30, 4:52 AM
2021-03-23 11:28:04.257+0900 FINE t1 EventHelper.logX509CertificateEvent: X509Certificate: Alg:SHA384withECDSA, Serial:35fc265cd9844fc93d263d579baed756, Subject:CN=thawte Primary Root CA - G2, OU="(c) 2007 thawte, Inc. - For authorized use only", O="thawte, Inc.", C=US, Issuer:CN=thawte Primary Root CA - G2, OU="(c) 2007 thawte, Inc. - For authorized use only", O="thawte, Inc.", C=US, Key type:EC, Length:384, Cert Id:2068083090, Valid from:11/5/07, 9:00 AM, Valid until:1/19/38, 8:59 AM
2021-03-23 11:28:04.259+0900 FINE t1 EventHelper.logX509CertificateEvent: X509Certificate: Alg:SHA384withRSA, Serial:6e47a9c65ab3e720c5309a3f6852f26f, Subject:CN=GTS Root R2, O=Google Trust Services LLC, C=US, Issuer:CN=GTS Root R2, O=Google Trust Services LLC, C=US, Key type:RSA, Length:4096, Cert Id:-1151551794, Valid from:6/22/16, 9:00 AM, Valid until:6/22/36, 9:00 AM
2021-03-23 11:28:04.259+0900 FINE t1 EventHelper.logX509CertificateEvent: X509Certificate: Alg:SHA384withECDSA, Serial:66f23daf87de8bb14aea0c573101c2ec, Subject:CN=Microsoft ECC Root Certificate Authority 2017, O=Microsoft Corporation, C=US, Issuer:CN=Microsoft ECC Root Certificate Authority 2017, O=Microsoft Corporation, C=US, Key type:EC, Length:384, Cert Id:-1054206011, Valid from:12/19/19, 8:06 AM, Valid until:7/19/42, 8:16 AM
2021-03-23 11:28:04.260+0900 FINE t1 EventHelper.logX509CertificateEvent: X509Certificate: Alg:SHA1withRSA, Serial:200605167002, Subject:OU=certSIGN ROOT CA, O=certSIGN, C=RO, Issuer:OU=certSIGN ROOT CA, O=certSIGN, C=RO, Key type:RSA, Length:2048, Cert Id:-289960676, Valid from:7/5/06, 2:20 AM, Valid until:7/5/31, 2:20 AM
2021-03-23 11:28:04.261+0900 FINE t1 EventHelper.logX509CertificateEvent: X509Certificate: Alg:SHA256withRSA, Serial:0, Subject:CN=Go Daddy Root Certificate Authority - G2, O="GoDaddy.com, Inc.", L=Scottsdale, ST=Arizona, C=US, Issuer:CN=Go Daddy Root Certificate Authority - G2, O="GoDaddy.com, Inc.", L=Scottsdale, ST=Arizona, C=US, Key type:RSA, Length:2048, Cert Id:439600313, Valid from:9/1/09, 9:00 AM, Valid until:1/1/38, 8:59 AM
2021-03-23 11:28:04.262+0900 FINE t1 EventHelper.logX509CertificateEvent: X509Certificate: Alg:SHA1withRSA, Serial:c9cdd3e9d57d23ce, Subject:CN=Global Chambersign Root - 2008, O=AC Camerfirma S.A., SERIALNUMBER=A82743287, L=Madrid (see current address at www.camerfirma.com/address), C=EU, Issuer:CN=Global Chambersign Root - 2008, O=AC Camerfirma S.A., SERIALNUMBER=A82743287, L=Madrid (see current address at www.camerfirma.com/address), C=EU, Key type:RSA, Length:4096, Cert Id:1271252776, Valid from:8/1/08, 9:31 PM, Valid until:7/31/38, 9:31 PM
2021-03-23 11:28:04.263+0900 FINE t1 EventHelper.logX509CertificateEvent: X509Certificate: Alg:SHA256withRSA, Serial:2ef59b0228a7db7affd5a3a9eebd03a0cf126a1d, Subject:CN=QuoVadis Root CA 3 G3, O=QuoVadis Limited, C=BM, Issuer:CN=QuoVadis Root CA 3 G3, O=QuoVadis Limited, C=BM, Key type:RSA, Length:4096, Cert Id:-705622991, Valid from:1/13/12, 5:26 AM, Valid until:1/13/42, 5:26 AM
2021-03-23 11:28:04.263+0900 FINE t1 EventHelper.logX509CertificateEvent: X509Certificate: Alg:SHA256withRSA, Serial:1, Subject:CN=TUBITAK Kamu SM SSL Kok Sertifikasi - Surum 1, OU=Kamu Sertifikasyon Merkezi - Kamu SM, O=Turkiye Bilimsel ve Teknolojik Arastirma Kurumu - TUBITAK, L=Gebze - Kocaeli, C=TR, Issuer:CN=TUBITAK Kamu SM SSL Kok Sertifikasi - Surum 1, OU=Kamu Sertifikasyon Merkezi - Kamu SM, O=Turkiye Bilimsel ve Teknolojik Arastirma Kurumu - TUBITAK, L=Gebze - Kocaeli, C=TR, Key type:RSA, Length:2048, Cert Id:1093603654, Valid from:11/25/13, 5:25 PM, Valid until:10/25/43, 5:25 PM
2021-03-23 11:28:04.264+0900 FINE t1 EventHelper.logX509CertificateEvent: X509Certificate: Alg:SHA256withRSA, Serial:cae91b89f155030da3e6416dc4e3a6e1, Subject:CN=Certigna Root CA, OU=0002 48146308100036, O=Dhimyotis, C=FR, Issuer:CN=Certigna Root CA, OU=0002 48146308100036, O=Dhimyotis, C=FR, Key type:RSA, Length:4096, Cert Id:356684591, Valid from:10/1/13, 5:32 PM, Valid until:10/1/33, 5:32 PM
2021-03-23 11:28:04.265+0900 FINE t1 EventHelper.logX509CertificateEvent: X509Certificate: Alg:SHA384withRSA, Serial:59b1b579e8e2132e23907bda777755c, Subject:CN=DigiCert Trusted Root G4, OU=www.digicert.com, O=DigiCert Inc, C=US, Issuer:CN=DigiCert Trusted Root G4, OU=www.digicert.com, O=DigiCert Inc, C=US, Key type:RSA, Length:4096, Cert Id:1057369358, Valid from:8/1/13, 9:00 PM, Valid until:1/15/38, 9:00 PM
2021-03-23 11:28:04.266+0900 FINE t1 EventHelper.logX509CertificateEvent: X509Certificate: Alg:SHA256withRSA, Serial:33af1e6a711a9a0bb2864b11d09fae5, Subject:CN=DigiCert Global Root G2, OU=www.digicert.com, O=DigiCert Inc, C=US, Issuer:CN=DigiCert Global Root G2, OU=www.digicert.com, O=DigiCert Inc, C=US, Key type:RSA, Length:2048, Cert Id:1136084297, Valid from:8/1/13, 9:00 PM, Valid until:1/15/38, 9:00 PM
2021-03-23 11:28:04.267+0900 FINE t1 EventHelper.logX509CertificateEvent: X509Certificate: Alg:SHA1withRSA, Serial:1, Subject:CN=AAA Certificate Services, O=Comodo CA Limited, L=Salford, ST=Greater Manchester, C=GB, Issuer:CN=AAA Certificate Services, O=Comodo CA Limited, L=Salford, ST=Greater Manchester, C=GB, Key type:RSA, Length:2048, Cert Id:-1197580894, Valid from:1/1/04, 9:00 AM, Valid until:1/1/29, 8:59 AM
2021-03-23 11:28:04.267+0900 FINE t1 EventHelper.logX509CertificateEvent: X509Certificate: Alg:SHA256withRSA, Serial:15ac6e9419b2794b41f627a9c3180f1f, Subject:CN=GeoTrust Primary Certification Authority - G3, OU=(c) 2008 GeoTrust Inc. - For authorized use only, O=GeoTrust Inc., C=US, Issuer:CN=GeoTrust Primary Certification Authority - G3, OU=(c) 2008 GeoTrust Inc. - For authorized use only, O=GeoTrust Inc., C=US, Key type:RSA, Length:2048, Cert Id:-1330153758, Valid from:4/2/08, 9:00 AM, Valid until:12/2/37, 8:59 AM
2021-03-23 11:28:04.268+0900 FINE t1 EventHelper.logX509CertificateEvent: X509Certificate: Alg:SHA256withRSA, Serial:4000000000121585308a2, Subject:CN=GlobalSign, O=GlobalSign, OU=GlobalSign Root CA - R3, Issuer:CN=GlobalSign, O=GlobalSign, OU=GlobalSign Root CA - R3, Key type:RSA, Length:2048, Cert Id:733875591, Valid from:3/18/09, 7:00 PM, Valid until:3/18/29, 7:00 PM
2021-03-23 11:28:04.269+0900 FINE t1 EventHelper.logX509CertificateEvent: X509Certificate: Alg:SHA256withRSA, Serial:2, Subject:CN=Buypass Class 3 Root CA, O=Buypass AS-983163327, C=NO, Issuer:CN=Buypass Class 3 Root CA, O=Buypass AS-983163327, C=NO, Key type:RSA, Length:4096, Cert Id:1264269967, Valid from:10/26/10, 5:28 PM, Valid until:10/26/40, 5:28 PM
2021-03-23 11:28:04.270+0900 FINE t1 EventHelper.logX509CertificateEvent: X509Certificate: Alg:SHA256withRSA, Serial:6a683e9c519bcb53, Subject:CN=E-Tugra Certification Authority, OU=E-Tugra Sertifikasyon Merkezi, O=E-Tuğra EBG Bilişim Teknolojileri ve Hizmetleri A.Ş., L=Ankara, C=TR, Issuer:CN=E-Tugra Certification Authority, OU=E-Tugra Sertifikasyon Merkezi, O=E-Tuğra EBG Bilişim Teknolojileri ve Hizmetleri A.Ş., L=Ankara, C=TR, Key type:RSA, Length:4096, Cert Id:-673382379, Valid from:3/5/13, 9:09 PM, Valid until:3/3/23, 9:09 PM
2021-03-23 11:28:04.270+0900 FINE t1 EventHelper.logX509CertificateEvent: X509Certificate: Alg:SHA1withRSA, Serial:4e812d8a8265e00b02ee3e350246e53d, Subject:CN=COMODO Certification Authority, O=COMODO CA Limited, L=Salford, ST=Greater Manchester, C=GB, Issuer:CN=COMODO Certification Authority, O=COMODO CA Limited, L=Salford, ST=Greater Manchester, C=GB, Key type:RSA, Length:2048, Cert Id:904304908, Valid from:12/1/06, 9:00 AM, Valid until:1/1/30, 8:59 AM
2021-03-23 11:28:04.271+0900 FINE t1 EventHelper.logX509CertificateEvent: X509Certificate: Alg:SHA1withRSA, Serial:444c0, Subject:CN=Certum Trusted Network CA, OU=Certum Certification Authority, O=Unizeto Technologies S.A., C=PL, Issuer:CN=Certum Trusted Network CA, OU=Certum Certification Authority, O=Unizeto Technologies S.A., C=PL, Key type:RSA, Length:2048, Cert Id:2014002193, Valid from:10/22/08, 9:07 PM, Valid until:12/31/29, 9:07 PM
2021-03-23 11:28:04.272+0900 FINE t1 EventHelper.logX509CertificateEvent: X509Certificate: Alg:SHA256withRSA, Serial:66c9fcf99bf8c0a39e2f0788a43e696365bca, Subject:CN=Amazon Root CA 1, O=Amazon, C=US, Issuer:CN=Amazon Root CA 1, O=Amazon, C=US, Key type:RSA, Length:2048, Cert Id:-1472444962, Valid from:5/26/15, 9:00 AM, Valid until:1/17/38, 9:00 AM
2021-03-23 11:28:04.273+0900 FINE t1 EventHelper.logX509CertificateEvent: X509Certificate: Alg:SHA384withECDSA, Serial:2f80fe238c0e220f486712289187acb3, Subject:CN=VeriSign Class 3 Public Primary Certification Authority - G4, OU="(c) 2007 VeriSign, Inc. - For authorized use only", OU=VeriSign Trust Network, O="VeriSign, Inc.", C=US, Issuer:CN=VeriSign Class 3 Public Primary Certification Authority - G4, OU="(c) 2007 VeriSign, Inc. - For authorized use only", OU=VeriSign Trust Network, O="VeriSign, Inc.", C=US, Key type:EC, Length:384, Cert Id:-131493977, Valid from:11/5/07, 9:00 AM, Valid until:1/19/38, 8:59 AM
2021-03-23 11:28:04.273+0900 FINE t1 EventHelper.logX509CertificateEvent: X509Certificate: Alg:SHA1withRSA, Serial:20000b9, Subject:CN=Baltimore CyberTrust Root, OU=CyberTrust, O=Baltimore, C=IE, Issuer:CN=Baltimore CyberTrust Root, OU=CyberTrust, O=Baltimore, C=IE, Key type:RSA, Length:2048, Cert Id:1425294543, Valid from:5/13/00, 3:46 AM, Valid until:5/13/25, 8:59 AM
2021-03-23 11:28:04.274+0900 FINE t1 EventHelper.logX509CertificateEvent: X509Certificate: Alg:SHA256withRSA, Serial:401ac46421b31321030ebbe4121ac51d, Subject:CN=VeriSign Universal Root Certification Authority, OU="(c) 2008 VeriSign, Inc. - For authorized use only", OU=VeriSign Trust Network, O="VeriSign, Inc.", C=US, Issuer:CN=VeriSign Universal Root Certification Authority, OU="(c) 2008 VeriSign, Inc. - For authorized use only", OU=VeriSign Trust Network, O="VeriSign, Inc.", C=US, Key type:RSA, Length:2048, Cert Id:-1976681486, Valid from:4/2/08, 9:00 AM, Valid until:12/2/37, 8:59 AM
2021-03-23 11:28:04.275+0900 FINE t1 EventHelper.logX509CertificateEvent: X509Certificate: Alg:SHA1withRSA, Serial:cf08e5c0816a5ad427ff0eb271859d0, Subject:CN=SecureTrust CA, O=SecureTrust Corporation, C=US, Issuer:CN=SecureTrust CA, O=SecureTrust Corporation, C=US, Key type:RSA, Length:2048, Cert Id:2034155325, Valid from:11/8/06, 4:31 AM, Valid until:1/1/30, 4:40 AM
2021-03-23 11:28:04.276+0900 FINE t1 EventHelper.logX509CertificateEvent: X509Certificate: Alg:SHA256withRSA, Serial:40bf3d28e5824f27161823585ded73241525989653, Subject:CN=Qualcomm Intranet Signing Certificate Services, O=QUALCOMM, L=San Diego, ST=California, DC=na, DC=qualcomm, DC=com, C=US, Issuer:CN=Qualcomm Root Certificate Authority G2, O=QUALCOMM, Key type:RSA, Length:2048, Cert Id:-453576558, Valid from:5/10/18, 9:00 AM, Valid until:5/10/24, 8:59 AM
2021-03-23 11:28:04.276+0900 FINE t1 EventHelper.logX509CertificateEvent: X509Certificate: Alg:SHA1withRSA, Serial:5c6, Subject:CN=QuoVadis Root CA 3, O=QuoVadis Limited, C=BM, Issuer:CN=QuoVadis Root CA 3, O=QuoVadis Limited, C=BM, Key type:RSA, Length:4096, Cert Id:1470392860, Valid from:11/25/06, 4:11 AM, Valid until:11/25/31, 4:06 AM
2021-03-23 11:28:04.277+0900 FINE t1 EventHelper.logX509CertificateEvent: X509Certificate: Alg:SHA256withRSA, Serial:da9bec71f303b019, Subject:CN=TrustCor RootCert CA-1, OU=TrustCor Certificate Authority, O=TrustCor Systems S. de R.L., L=Panama City, ST=Panama, C=PA, Issuer:CN=TrustCor RootCert CA-1, OU=TrustCor Certificate Authority, O=TrustCor Systems S. de R.L., L=Panama City, ST=Panama, C=PA, Key type:RSA, Length:2048, Cert Id:1332877130, Valid from:2/4/16, 9:32 PM, Valid until:1/1/30, 2:23 AM
2021-03-23 11:28:04.278+0900 FINE t1 EventHelper.logX509CertificateEvent: X509Certificate: Alg:SHA384withRSA, Serial:45e6bb038333c3856548e6ff4551, Subject:CN=GlobalSign, O=GlobalSign, OU=GlobalSign Root CA - R6, Issuer:CN=GlobalSign, O=GlobalSign, OU=GlobalSign Root CA - R6, Key type:RSA, Length:4096, Cert Id:-506627753, Valid from:12/10/14, 9:00 AM, Valid until:12/10/34, 9:00 AM
2021-03-23 11:28:04.278+0900 FINE t1 EventHelper.logX509CertificateEvent: X509Certificate: Alg:SHA384withECDSA, Serial:7b71b68256b8127c9ca8, Subject:CN=emSign ECC Root CA - C3, O=eMudhra Inc, OU=emSign PKI, C=US, Issuer:CN=emSign ECC Root CA - C3, O=eMudhra Inc, OU=emSign PKI, C=US, Key type:EC, Length:384, Cert Id:-948456756, Valid from:2/19/18, 3:30 AM, Valid until:2/19/43, 3:30 AM
2021-03-23 11:28:04.279+0900 FINE t1 EventHelper.logX509CertificateEvent: X509Certificate: Alg:SHA256withRSA, Serial:a0142800000014523c844b500000002, Subject:CN=IdenTrust Commercial Root CA 1, O=IdenTrust, C=US, Issuer:CN=IdenTrust Commercial Root CA 1, O=IdenTrust, C=US, Key type:RSA, Length:4096, Cert Id:1232565210, Valid from:1/17/14, 3:12 AM, Valid until:1/17/34, 3:12 AM
2021-03-23 11:28:04.280+0900 FINE t1 EventHelper.logX509CertificateEvent: X509Certificate: Alg:SHA256withRSA, Serial:8165f8a4ca5ec00c99340dfc4c6ae23b81c5aa4, Subject:CN=Hongkong Post Root CA 3, O=Hongkong Post, L=Hong Kong, ST=Hong Kong, C=HK, Issuer:CN=Hongkong Post Root CA 3, O=Hongkong Post, L=Hong Kong, ST=Hong Kong, C=HK, Key type:RSA, Length:4096, Cert Id:-901951080, Valid from:6/3/17, 11:29 AM, Valid until:6/3/42, 11:29 AM
2021-03-23 11:28:04.280+0900 FINE t1 EventHelper.logX509CertificateEvent: X509Certificate: Alg:SHA1withRSA, Serial:ce7e0e517d846fe8fe560fc1bf03039, Subject:CN=DigiCert Assured ID Root CA, OU=www.digicert.com, O=DigiCert Inc, C=US, Issuer:CN=DigiCert Assured ID Root CA, OU=www.digicert.com, O=DigiCert Inc, C=US, Key type:RSA, Length:2048, Cert Id:-860404528, Valid from:11/10/06, 9:00 AM, Valid until:11/10/31, 9:00 AM
2021-03-23 11:28:04.281+0900 FINE t1 EventHelper.logX509CertificateEvent: X509Certificate: Alg:SHA384withECDSA, Serial:ba15afa1ddfa0b54944afcd24a06cec, Subject:CN=DigiCert Assured ID Root G3, OU=www.digicert.com, O=DigiCert Inc, C=US, Issuer:CN=DigiCert Assured ID Root G3, OU=www.digicert.com, O=DigiCert Inc, C=US, Key type:EC, Length:384, Cert Id:-645537245, Valid from:8/1/13, 9:00 PM, Valid until:1/15/38, 9:00 PM
2021-03-23 11:28:04.282+0900 FINE t1 EventHelper.logX509CertificateEvent: X509Certificate: Alg:SHA1withRSA, Serial:15c8bd65475cafb897005ee406d2bc9d, Subject:OU=ePKI Root Certification Authority, O="Chunghwa Telecom Co., Ltd.", C=TW, Issuer:OU=ePKI Root Certification Authority, O="Chunghwa Telecom Co., Ltd.", C=TW, Key type:RSA, Length:4096, Cert Id:-662636137, Valid from:12/20/04, 11:31 AM, Valid until:12/20/34, 11:31 AM
2021-03-23 11:28:04.282+0900 FINE t1 EventHelper.logX509CertificateEvent: X509Certificate: Alg:SHA1withRSA, Serial:0, Subject:OU=Security Communication RootCA1, O=SECOM Trust.net, C=JP, Issuer:OU=Security Communication RootCA1, O=SECOM Trust.net, C=JP, Key type:RSA, Length:2048, Cert Id:1802358121, Valid from:9/30/03, 1:20 PM, Valid until:9/30/23, 1:20 PM
2021-03-23 11:28:04.283+0900 FINE t1 EventHelper.logX509CertificateEvent: X509Certificate: Alg:SHA256withECDSA, Serial:75e6dfcbc1685ba8, Subject:CN=SSL.com Root Certification Authority ECC, O=SSL Corporation, L=Houston, ST=Texas, C=US, Issuer:CN=SSL.com Root Certification Authority ECC, O=SSL Corporation, L=Houston, ST=Texas, C=US, Key type:EC, Length:384, Cert Id:-1368293613, Valid from:2/13/16, 3:14 AM, Valid until:2/13/41, 3:14 AM
2021-03-23 11:28:04.283+0900 FINE t1 EventHelper.logX509CertificateEvent: X509Certificate: Alg:SHA384withECDSA, Serial:3cf607a968700eda8b84, Subject:CN=emSign ECC Root CA - G3, O=eMudhra Technologies Limited, OU=emSign PKI, C=IN, Issuer:CN=emSign ECC Root CA - G3, O=eMudhra Technologies Limited, OU=emSign PKI, C=IN, Key type:EC, Length:384, Cert Id:-462931589, Valid from:2/19/18, 3:30 AM, Valid until:2/19/43, 3:30 AM
2021-03-23 11:28:04.284+0900 FINE t1 EventHelper.logX509CertificateEvent: X509Certificate: Alg:SHA256withRSA, Serial:56b629cd34bc78f6, Subject:CN=SSL.com EV Root Certification Authority RSA R2, O=SSL Corporation, L=Houston, ST=Texas, C=US, Issuer:CN=SSL.com EV Root Certification Authority RSA R2, O=SSL Corporation, L=Houston, ST=Texas, C=US, Key type:RSA, Length:4096, Cert Id:1381862403, Valid from:6/1/17, 3:14 AM, Valid until:5/31/42, 3:14 AM
2021-03-23 11:28:04.285+0900 FINE t1 EventHelper.logX509CertificateEvent: X509Certificate: Alg:SHA1withRSA, Serial:400000000010f85aa2d48, Subject:CN=Cybertrust Global Root, O="Cybertrust, Inc", Issuer:CN=Cybertrust Global Root, O="Cybertrust, Inc", Key type:RSA, Length:2048, Cert Id:2057719675, Valid from:12/15/06, 5:00 PM, Valid until:12/15/21, 5:00 PM
2021-03-23 11:28:04.285+0900 FINE t1 EventHelper.logX509CertificateEvent: X509Certificate: Alg:SHA384withRSA, Serial:6e47a9c54b470c0dec33d089b91cf4e1, Subject:CN=GTS Root R1, O=Google Trust Services LLC, C=US, Issuer:CN=GTS Root R1, O=Google Trust Services LLC, C=US, Key type:RSA, Length:4096, Cert Id:-1684052905, Valid from:6/22/16, 9:00 AM, Valid until:6/22/36, 9:00 AM
2021-03-23 11:28:04.286+0900 FINE t1 EventHelper.logX509CertificateEvent: X509Certificate: Alg:SHA384withECDSA, Serial:66c9fd7c1bb104c2943e5717b7b2cc81ac10e, Subject:CN=Amazon Root CA 4, O=Amazon, C=US, Issuer:CN=Amazon Root CA 4, O=Amazon, C=US, Key type:EC, Length:384, Cert Id:-1654272513, Valid from:5/26/15, 9:00 AM, Valid until:5/26/40, 9:00 AM
2021-03-23 11:28:04.286+0900 FINE t1 EventHelper.logX509CertificateEvent: X509Certificate: Alg:SHA1withRSA, Serial:1, Subject:CN=GeoTrust Universal CA, O=GeoTrust Inc., C=US, Issuer:CN=GeoTrust Universal CA, O=GeoTrust Inc., C=US, Key type:RSA, Length:4096, Cert Id:313566089, Valid from:3/4/04, 2:00 PM, Valid until:3/4/29, 2:00 PM
2021-03-23 11:28:04.287+0900 FINE t1 EventHelper.logX509CertificateEvent: X509Certificate: Alg:SHA384withECDSA, Serial:605949e0262ebb55f90a778a71f94ad86c, Subject:CN=GlobalSign, O=GlobalSign, OU=GlobalSign ECC Root CA - R5, Issuer:CN=GlobalSign, O=GlobalSign, OU=GlobalSign ECC Root CA - R5, Key type:EC, Length:384, Cert Id:1997048439, Valid from:11/13/12, 9:00 AM, Valid until:1/19/38, 12:14 PM
2021-03-23 11:28:04.288+0900 FINE t1 EventHelper.logX509CertificateEvent: X509Certificate: Alg:SHA256withECDSA, Serial:d6a5f083f285c3e5195df5d, Subject:CN=Trustwave Global ECC P256 Certification Authority, O="Trustwave Holdings, Inc.", L=Chicago, ST=Illinois, C=US, Issuer:CN=Trustwave Global ECC P256 Certification Authority, O="Trustwave Holdings, Inc.", L=Chicago, ST=Illinois, C=US, Key type:EC, Length:256, Cert Id:948272517, Valid from:8/24/17, 4:35 AM, Valid until:8/24/42, 4:35 AM
2021-03-23 11:28:04.288+0900 FINE t1 EventHelper.logX509CertificateEvent: X509Certificate: Alg:SHA1withRSA, Serial:0, Subject:OU=Go Daddy Class 2 Certification Authority, O="The Go Daddy Group, Inc.", C=US, Issuer:OU=Go Daddy Class 2 Certification Authority, O="The Go Daddy Group, Inc.", C=US, Key type:RSA, Length:2048, Cert Id:-271444299, Valid from:6/30/04, 2:06 AM, Valid until:6/30/34, 2:06 AM
2021-03-23 11:28:04.289+0900 FINE t1 EventHelper.logX509CertificateEvent: X509Certificate: Alg:SHA256withRSA, Serial:983f3, Subject:CN=D-TRUST Root Class 3 CA 2 2009, O=D-Trust GmbH, C=DE, Issuer:CN=D-TRUST Root Class 3 CA 2 2009, O=D-Trust GmbH, C=DE, Key type:RSA, Length:2048, Cert Id:1430153102, Valid from:11/5/09, 5:35 PM, Valid until:11/5/29, 5:35 PM
2021-03-23 11:28:04.289+0900 FINE t1 EventHelper.logX509CertificateEvent: X509Certificate: Alg:SHA256withRSA, Serial:513fb9743870b73440418d30930699ff, Subject:CN=Symantec Class 3 Secure Server CA - G4, OU=Symantec Trust Network, O=Symantec Corporation, C=US, Issuer:CN=VeriSign Class 3 Public Primary Certification Authority - G5, OU="(c) 2006 VeriSign, Inc. - For authorized use only", OU=VeriSign Trust Network, O="VeriSign, Inc.", C=US, Key type:RSA, Length:2048, Cert Id:-761193792, Valid from:10/31/13, 9:00 AM, Valid until:10/31/23, 8:59 AM
2021-03-23 11:28:04.290+0900 FINE t1 EventHelper.logX509CertificateEvent: X509Certificate: Alg:SHA384withECDSA, Serial:3cb2f4480a00e2feeb243b5e603ec36b, Subject:CN=GeoTrust Primary Certification Authority - G2, OU=(c) 2007 GeoTrust Inc. - For authorized use only, O=GeoTrust Inc., C=US, Issuer:CN=GeoTrust Primary Certification Authority - G2, OU=(c) 2007 GeoTrust Inc. - For authorized use only, O=GeoTrust Inc., C=US, Key type:EC, Length:384, Cert Id:-1114303822, Valid from:11/5/07, 9:00 AM, Valid until:1/19/38, 8:59 AM
2021-03-23 11:28:04.291+0900 FINE t1 EventHelper.logX509CertificateEvent: X509Certificate: Alg:SHA1withRSA, Serial:4f1bd42f54bb2f4b, Subject:CN=SwissSign Silver CA - G2, O=SwissSign AG, C=CH, Issuer:CN=SwissSign Silver CA - G2, O=SwissSign AG, C=CH, Key type:RSA, Length:4096, Cert Id:126726124, Valid from:10/25/06, 5:32 PM, Valid until:10/25/36, 5:32 PM
2021-03-23 11:28:04.291+0900 FINE t1 EventHelper.logX509CertificateEvent: X509Certificate: Alg:SHA256withRSA, Serial:98968d, Subject:CN=Staat der Nederlanden EV Root CA, O=Staat der Nederlanden, C=NL, Issuer:CN=Staat der Nederlanden EV Root CA, O=Staat der Nederlanden, C=NL, Key type:RSA, Length:4096, Cert Id:1444801426, Valid from:12/8/10, 8:19 PM, Valid until:12/8/22, 8:10 PM
2021-03-23 11:28:04.292+0900 FINE t1 EventHelper.logX509CertificateEvent: X509Certificate: Alg:SHA1withRSA, Serial:400000000010f8626e60d, Subject:CN=GlobalSign, O=GlobalSign, OU=GlobalSign Root CA - R2, Issuer:CN=GlobalSign, O=GlobalSign, OU=GlobalSign Root CA - R2, Key type:RSA, Length:2048, Cert Id:7087067, Valid from:12/15/06, 5:00 PM, Valid until:12/15/21, 5:00 PM
2021-03-23 11:28:04.292+0900 FINE t1 EventHelper.logX509CertificateEvent: X509Certificate: Alg:SHA256withRSA, Serial:7777062726a9b17c, Subject:CN=AffirmTrust Commercial, O=AffirmTrust, C=US, Issuer:CN=AffirmTrust Commercial, O=AffirmTrust, C=US, Key type:RSA, Length:2048, Cert Id:630485644, Valid from:1/29/10, 11:06 PM, Valid until:12/31/30, 11:06 PM
2021-03-23 11:28:04.293+0900 FINE t1 EventHelper.logX509CertificateEvent: X509Certificate: Alg:SHA256withECDSA, Serial:0, Subject:CN=Hellenic Academic and Research Institutions ECC RootCA 2015, O=Hellenic Academic and Research Institutions Cert. Authority, L=Athens, C=GR, Issuer:CN=Hellenic Academic and Research Institutions ECC RootCA 2015, O=Hellenic Academic and Research Institutions Cert. Authority, L=Athens, C=GR, Key type:EC, Length:384, Cert Id:513613456, Valid from:7/7/15, 7:37 PM, Valid until:6/30/40, 7:37 PM
2021-03-23 11:28:04.293+0900 FINE t1 EventHelper.logX509CertificateEvent: X509Certificate: Alg:SHA256withRSA, Serial:78585f2ead2c194be3370735341328b596d46593, Subject:CN=QuoVadis Root CA 1 G3, O=QuoVadis Limited, C=BM, Issuer:CN=QuoVadis Root CA 1 G3, O=QuoVadis Limited, C=BM, Key type:RSA, Length:4096, Cert Id:-762436034, Valid from:1/13/12, 2:27 AM, Valid until:1/13/42, 2:27 AM
2021-03-23 11:28:04.294+0900 FINE t1 EventHelper.logX509CertificateEvent: X509Certificate: Alg:SHA256withRSA, Serial:8210cfb0d240e3594463e0bb63828b00, Subject:CN=ISRG Root X1, O=Internet Security Research Group, C=US, Issuer:CN=ISRG Root X1, O=Internet Security Research Group, C=US, Key type:RSA, Length:4096, Cert Id:1521974916, Valid from:6/4/15, 8:04 PM, Valid until:6/4/35, 8:04 PM
2021-03-23 11:28:04.295+0900 FINE t1 EventHelper.logX509CertificateEvent: X509Certificate: Alg:SHA256withRSA, Serial:be2730eb47f9fcac1a5a23e5e83a84e6, Subject:CN=Qualcomm Intranet Signing Certificate Services, O=QUALCOMM, L=San Diego, ST=California, DC=na, DC=qualcomm, DC=com, C=US, Issuer:CN=Qualcomm Root Certificate Authority G2, O=QUALCOMM, Key type:RSA, Length:2048, Cert Id:-910803327, Valid from:5/25/12, 9:00 AM, Valid until:5/25/16, 8:59 AM
2021-03-23 11:28:04.295+0900 FINE t1 EventHelper.logX509CertificateEvent: X509Certificate: Alg:SHA256withRSA, Serial:1, Subject:CN=T-TeleSec GlobalRoot Class 3, OU=T-Systems Trust Center, O=T-Systems Enterprise Services GmbH, C=DE, Issuer:CN=T-TeleSec GlobalRoot Class 3, OU=T-Systems Trust Center, O=T-Systems Enterprise Services GmbH, C=DE, Key type:RSA, Length:2048, Cert Id:1894096264, Valid from:10/1/08, 7:29 PM, Valid until:10/2/33, 8:59 AM
2021-03-23 11:28:04.295+0900 FINE t1 EventHelper.logX509CertificateEvent: X509Certificate: Alg:SHA1withRSA, Serial:1, Subject:CN=SecureSign RootCA11, O="Japan Certification Services, Inc.", C=JP, Issuer:CN=SecureSign RootCA11, O="Japan Certification Services, Inc.", C=JP, Key type:RSA, Length:2048, Cert Id:2079057034, Valid from:4/8/09, 1:56 PM, Valid until:4/8/29, 1:56 PM
2021-03-23 11:28:04.296+0900 FINE t1 EventHelper.logX509CertificateEvent: X509Certificate: Alg:SHA256withRSA, Serial:b0b75a16485fbfe1cbf58bd719e67d, Subject:CN=Izenpe.com, O=IZENPE S.A., C=ES, Issuer:CN=Izenpe.com, O=IZENPE S.A., C=ES, Key type:RSA, Length:4096, Cert Id:-1845580984, Valid from:12/13/07, 10:08 PM, Valid until:12/13/37, 5:27 PM
2021-03-23 11:28:04.297+0900 FINE t1 EventHelper.logX509CertificateEvent: X509Certificate: Alg:SHA384withRSA, Serial:1ed397095fd8b4b347701eaabe7f45b3, Subject:CN=Microsoft RSA Root Certificate Authority 2017, O=Microsoft Corporation, C=US, Issuer:CN=Microsoft RSA Root Certificate Authority 2017, O=Microsoft Corporation, C=US, Key type:RSA, Length:4096, Cert Id:-1446618248, Valid from:12/19/19, 7:51 AM, Valid until:7/19/42, 8:00 AM
2021-03-23 11:28:04.297+0900 FINE t1 EventHelper.logX509CertificateEvent: X509Certificate: Alg:SHA1withRSA, Serial:18acb56afd69b6153a636cafdafac4a1, Subject:CN=GeoTrust Primary Certification Authority, O=GeoTrust Inc., C=US, Issuer:CN=GeoTrust Primary Certification Authority, O=GeoTrust Inc., C=US, Key type:RSA, Length:2048, Cert Id:-965345157, Valid from:11/27/06, 9:00 AM, Valid until:7/17/36, 8:59 AM
2021-03-23 11:28:04.298+0900 FINE t1 EventHelper.logX509CertificateEvent: X509Certificate: Alg:SHA384withECDSA, Serial:6e47a9c88b94b6e8bb3b2ad8a2b2c199, Subject:CN=GTS Root R4, O=Google Trust Services LLC, C=US, Issuer:CN=GTS Root R4, O=Google Trust Services LLC, C=US, Key type:EC, Length:384, Cert Id:-1824562466, Valid from:6/22/16, 9:00 AM, Valid until:6/22/36, 9:00 AM
2021-03-23 11:28:04.298+0900 FINE t1 EventHelper.logX509CertificateEvent: X509Certificate: Alg:SHA256withRSA, Serial:a0142800000014523cf467c00000002, Subject:CN=IdenTrust Public Sector Root CA 1, O=IdenTrust, C=US, Issuer:CN=IdenTrust Public Sector Root CA 1, O=IdenTrust, C=US, Key type:RSA, Length:4096, Cert Id:2123370772, Valid from:1/17/14, 2:53 AM, Valid until:1/17/34, 2:53 AM
2021-03-23 11:28:04.299+0900 FINE t1 EventHelper.logX509CertificateEvent: X509Certificate: Alg:SHA256withRSA, Serial:3e8a5d07ec55d232d5b7e3b65f01eb2ddce4d6e4, Subject:CN=SZAFIR ROOT CA2, O=Krajowa Izba Rozliczeniowa S.A., C=PL, Issuer:CN=SZAFIR ROOT CA2, O=Krajowa Izba Rozliczeniowa S.A., C=PL, Key type:RSA, Length:2048, Cert Id:381279303, Valid from:10/19/15, 4:43 PM, Valid until:10/19/35, 4:43 PM
2021-03-23 11:28:04.299+0900 FINE t1 EventHelper.logX509CertificateEvent: X509Certificate: Alg:SHA256withRSA, Serial:aecf00bac4cf32f843b2, Subject:CN=emSign Root CA - C1, O=eMudhra Inc, OU=emSign PKI, C=US, Issuer:CN=emSign Root CA - C1, O=eMudhra Inc, OU=emSign PKI, C=US, Key type:RSA, Length:2048, Cert Id:-1268863356, Valid from:2/19/18, 3:30 AM, Valid until:2/19/43, 3:30 AM
2021-03-23 11:28:04.300+0900 FINE t1 EventHelper.logX509CertificateEvent: X509Certificate: Alg:SHA256withECDSA, Serial:15448ef21fd97590df5040a, Subject:CN=e-Szigno Root CA 2017, OID.2.5.4.97=VATHU-23584497, O=Microsec Ltd., L=Budapest, C=HU, Issuer:CN=e-Szigno Root CA 2017, OID.2.5.4.97=VATHU-23584497, O=Microsec Ltd., L=Budapest, C=HU, Key type:EC, Length:256, Cert Id:-991173715, Valid from:8/22/17, 9:07 PM, Valid until:8/22/42, 9:07 PM
2021-03-23 11:28:04.300+0900 FINE t1 EventHelper.logX509CertificateEvent: X509Certificate: Alg:SHA256withRSA, Serial:184accd6, Subject:CN=CFCA EV ROOT, O=China Financial Certification Authority, C=CN, Issuer:CN=CFCA EV ROOT, O=China Financial Certification Authority, C=CN, Key type:RSA, Length:4096, Cert Id:551407782, Valid from:8/8/12, 12:07 PM, Valid until:12/31/29, 12:07 PM
2021-03-23 11:28:04.301+0900 FINE t1 EventHelper.logX509CertificateEvent: X509Certificate: Alg:SHA1withRSA, Serial:509, Subject:CN=QuoVadis Root CA 2, O=QuoVadis Limited, C=BM, Issuer:CN=QuoVadis Root CA 2, O=QuoVadis Limited, C=BM, Key type:RSA, Length:4096, Cert Id:338250116, Valid from:11/25/06, 3:27 AM, Valid until:11/25/31, 3:23 AM
2021-03-23 11:28:04.301+0900 FINE t1 EventHelper.logX509CertificateEvent: X509Certificate: Alg:SHA256withRSA, Serial:4a538c28, Subject:CN=Entrust Root Certification Authority - G2, OU="(c) 2009 Entrust, Inc. - for authorized use only", OU=See www.entrust.net/legal-terms, O="Entrust, Inc.", C=US, Issuer:CN=Entrust Root Certification Authority - G2, OU="(c) 2009 Entrust, Inc. - for authorized use only", OU=See www.entrust.net/legal-terms, O="Entrust, Inc.", C=US, Key type:RSA, Length:2048, Cert Id:1936920337, Valid from:7/8/09, 2:25 AM, Valid until:12/8/30, 2:55 AM
2021-03-23 11:28:04.302+0900 FINE t1 EventHelper.logX509CertificateEvent: X509Certificate: Alg:SHA256withRSA, Serial:5c33cb622c5fb332, Subject:C=DE, O=Atos, CN=Atos TrustedRoot 2011, Issuer:C=DE, O=Atos, CN=Atos TrustedRoot 2011, Key type:RSA, Length:2048, Cert Id:-28528624, Valid from:7/7/11, 11:58 PM, Valid until:1/1/31, 8:59 AM
2021-03-23 11:28:04.302+0900 FINE t1 EventHelper.logX509CertificateEvent: X509Certificate: Alg:SHA256withRSA, Serial:31f5e4620c6c58edd6d8, Subject:CN=emSign Root CA - G1, O=eMudhra Technologies Limited, OU=emSign PKI, C=IN, Issuer:CN=emSign Root CA - G1, O=eMudhra Technologies Limited, OU=emSign PKI, C=IN, Key type:RSA, Length:2048, Cert Id:392709196, Valid from:2/19/18, 3:30 AM, Valid until:2/19/43, 3:30 AM
2021-03-23 11:28:04.303+0900 FINE t1 EventHelper.logX509CertificateEvent: X509Certificate: Alg:SHA256withRSA, Serial:a7ea6df4b449eda6a24859ee6b815d3167fbbb1, Subject:CN=LuxTrust Global Root 2, O=LuxTrust S.A., C=LU, Issuer:CN=LuxTrust Global Root 2, O=LuxTrust S.A., C=LU, Key type:RSA, Length:4096, Cert Id:-1239330694, Valid from:3/5/15, 10:21 PM, Valid until:3/5/35, 10:21 PM
2021-03-23 11:28:04.303+0900 FINE t1 EventHelper.logX509CertificateEvent: X509Certificate: Alg:SHA1withRSA, Serial:2ac5c266a0b409b8f0b79f2ae462577, Subject:CN=DigiCert High Assurance EV Root CA, OU=www.digicert.com, O=DigiCert Inc, C=US, Issuer:CN=DigiCert High Assurance EV Root CA, OU=www.digicert.com, O=DigiCert Inc, C=US, Key type:RSA, Length:2048, Cert Id:-1410680354, Valid from:11/10/06, 9:00 AM, Valid until:11/10/31, 9:00 AM
2021-03-23 11:28:04.304+0900 FINE t1 EventHelper.logX509CertificateEvent: X509Certificate: Alg:SHA256withRSA, Serial:0, Subject:CN=Starfield Root Certificate Authority - G2, O="Starfield Technologies, Inc.", L=Scottsdale, ST=Arizona, C=US, Issuer:CN=Starfield Root Certificate Authority - G2, O="Starfield Technologies, Inc.", L=Scottsdale, ST=Arizona, C=US, Key type:RSA, Length:2048, Cert Id:-1026641587, Valid from:9/1/09, 9:00 AM, Valid until:1/1/38, 8:59 AM
2021-03-23 11:28:04.304+0900 FINE t1 EventHelper.logX509CertificateEvent: X509Certificate: Alg:SHA256withRSA, Serial:b931c3ad63967ea6723bfc3af9af44b, Subject:CN=DigiCert Assured ID Root G2, OU=www.digicert.com, O=DigiCert Inc, C=US, Issuer:CN=DigiCert Assured ID Root G2, OU=www.digicert.com, O=DigiCert Inc, C=US, Key type:RSA, Length:2048, Cert Id:-385398383, Valid from:8/1/13, 9:00 PM, Valid until:1/15/38, 9:00 PM
2021-03-23 11:28:04.305+0900 FINE t1 EventHelper.logX509CertificateEvent: X509Certificate: Alg:SHA256withRSA, Serial:983f4, Subject:CN=D-TRUST Root Class 3 CA 2 EV 2009, O=D-Trust GmbH, C=DE, Issuer:CN=D-TRUST Root Class 3 CA 2 EV 2009, O=D-Trust GmbH, C=DE, Key type:RSA, Length:2048, Cert Id:971313728, Valid from:11/5/09, 5:50 PM, Valid until:11/5/29, 5:50 PM
2021-03-23 11:28:04.305+0900 FINE t1 EventHelper.logX509CertificateEvent: X509Certificate: Alg:SHA1withRSA, Serial:1b1fadb620f924d3366bf7c7f18ca059, Subject:OU=Trustis FPS Root CA, O=Trustis Limited, C=GB, Issuer:OU=Trustis FPS Root CA, O=Trustis Limited, C=GB, Key type:RSA, Length:2048, Cert Id:-878780292, Valid from:12/23/03, 9:14 PM, Valid until:1/21/24, 8:36 PM
2021-03-23 11:28:04.306+0900 FINE t1 EventHelper.logX509CertificateEvent: X509Certificate: Alg:SHA256withRSA, Serial:0, Subject:CN=Starfield Services Root Certificate Authority - G2, O="Starfield Technologies, Inc.", L=Scottsdale, ST=Arizona, C=US, Issuer:CN=Starfield Services Root Certificate Authority - G2, O="Starfield Technologies, Inc.", L=Scottsdale, ST=Arizona, C=US, Key type:RSA, Length:2048, Cert Id:1964785574, Valid from:9/1/09, 9:00 AM, Valid until:1/1/38, 8:59 AM
2021-03-23 11:28:04.306+0900 FINE t1 EventHelper.logX509CertificateEvent: X509Certificate: Alg:SHA384withECDSA, Serial:1f47afaa62007050544c019e9b63992a, Subject:CN=COMODO ECC Certification Authority, O=COMODO CA Limited, L=Salford, ST=Greater Manchester, C=GB, Issuer:CN=COMODO ECC Certification Authority, O=COMODO CA Limited, L=Salford, ST=Greater Manchester, C=GB, Key type:EC, Length:384, Cert Id:1146488932, Valid from:3/6/08, 9:00 AM, Valid until:1/19/38, 8:59 AM
2021-03-23 11:28:04.307+0900 FINE t1 EventHelper.logX509CertificateEvent: X509Certificate: Alg:SHA384withECDSA, Serial:7497258ac73f7a54, Subject:CN=AffirmTrust Premium ECC, O=AffirmTrust, C=US, Issuer:CN=AffirmTrust Premium ECC, O=AffirmTrust, C=US, Key type:EC, Length:384, Cert Id:-2080363786, Valid from:1/29/10, 11:20 PM, Valid until:12/31/40, 11:20 PM
2021-03-23 11:28:04.307+0900 FINE t1 EventHelper.logX509CertificateEvent: X509Certificate: Alg:SHA384withECDSA, Serial:a68b79290000000050d091f9, Subject:CN=Entrust Root Certification Authority - EC1, OU="(c) 2012 Entrust, Inc. - for authorized use only", OU=See www.entrust.net/legal-terms, O="Entrust, Inc.", C=US, Issuer:CN=Entrust Root Certification Authority - EC1, OU="(c) 2012 Entrust, Inc. - for authorized use only", OU=See www.entrust.net/legal-terms, O="Entrust, Inc.", C=US, Key type:EC, Length:384, Cert Id:924514073, Valid from:12/19/12, 12:25 AM, Valid until:12/19/37, 12:55 AM
2021-03-23 11:28:04.308+0900 FINE t1 EventHelper.logX509CertificateEvent: X509Certificate: Alg:SHA1withRSA, Serial:44afb080d6a327ba893039862ef8406b, Subject:CN=DST Root CA X3, O=Digital Signature Trust Co., Issuer:CN=DST Root CA X3, O=Digital Signature Trust Co., Key type:RSA, Length:2048, Cert Id:1007302312, Valid from:10/1/00, 6:12 AM, Valid until:9/30/21, 11:01 PM
2021-03-23 11:28:04.308+0900 FINE t1 EventHelper.logX509CertificateEvent: X509Certificate: Alg:SHA1withRSA, Serial:0, Subject:OU=Starfield Class 2 Certification Authority, O="Starfield Technologies, Inc.", C=US, Issuer:OU=Starfield Class 2 Certification Authority, O="Starfield Technologies, Inc.", C=US, Key type:RSA, Length:2048, Cert Id:1825617644, Valid from:6/30/04, 2:39 AM, Valid until:6/30/34, 2:39 AM
2021-03-23 11:28:04.309+0900 FINE t1 EventHelper.logX509CertificateEvent: X509Certificate: Alg:SHA256withECDSA, Serial:66c9fd5749736663f3b0b9ad9e89e7603f24a, Subject:CN=Amazon Root CA 3, O=Amazon, C=US, Issuer:CN=Amazon Root CA 3, O=Amazon, C=US, Key type:EC, Length:256, Cert Id:-1562287523, Valid from:5/26/15, 9:00 AM, Valid until:5/26/40, 9:00 AM
2021-03-23 11:28:04.309+0900 FINE t1 EventHelper.logX509CertificateEvent: X509Certificate: Alg:SHA256withRSA, Serial:0, Subject:CN=Hellenic Academic and Research Institutions RootCA 2015, O=Hellenic Academic and Research Institutions Cert. Authority, L=Athens, C=GR, Issuer:CN=Hellenic Academic and Research Institutions RootCA 2015, O=Hellenic Academic and Research Institutions Cert. Authority, L=Athens, C=GR, Key type:RSA, Length:4096, Cert Id:-802976731, Valid from:7/7/15, 7:11 PM, Valid until:6/30/40, 7:11 PM
2021-03-23 11:28:04.309+0900 FINE t1 EventHelper.logX509CertificateEvent: X509Certificate: Alg:SHA1withRSA, Serial:95be16a0f72e46f17b398272fa8bcd96, Subject:CN=TeliaSonera Root CA v1, O=TeliaSonera, Issuer:CN=TeliaSonera Root CA v1, O=TeliaSonera, Key type:RSA, Length:4096, Cert Id:1495358374, Valid from:10/18/07, 9:00 PM, Valid until:10/18/32, 9:00 PM
2021-03-23 11:28:04.310+0900 FINE t1 EventHelper.logX509CertificateEvent: X509Certificate: Alg:SHA1withRSA, Serial:53ec3beefbb2485f, Subject:CN=Autoridad de Certificacion Firmaprofesional CIF A62634068, C=ES, Issuer:CN=Autoridad de Certificacion Firmaprofesional CIF A62634068, C=ES, Key type:RSA, Length:4096, Cert Id:692250759, Valid from:5/20/09, 5:38 PM, Valid until:12/31/30, 5:38 PM
2021-03-23 11:28:04.311+0900 FINE t1 EventHelper.logX509CertificateEvent: X509Certificate: Alg:SHA256withRSA, Serial:cbe, Subject:CN=TWCA Global Root CA, OU=Root CA, O=TAIWAN-CA, C=TW, Issuer:CN=TWCA Global Root CA, OU=Root CA, O=TAIWAN-CA, C=TW, Key type:RSA, Length:4096, Cert Id:861175838, Valid from:6/27/12, 3:28 PM, Valid until:1/1/31, 12:59 AM
2021-03-23 11:28:04.311+0900 FINE t1 EventHelper.logX509CertificateEvent: X509Certificate: Alg:SHA256withECDSA, Serial:2a38a41c960a04de42b228a50be8349802, Subject:CN=GlobalSign, O=GlobalSign, OU=GlobalSign ECC Root CA - R4, Issuer:CN=GlobalSign, O=GlobalSign, OU=GlobalSign ECC Root CA - R4, Key type:EC, Length:256, Cert Id:-1923273545, Valid from:11/13/12, 9:00 AM, Valid until:1/19/38, 12:14 PM
2021-03-23 11:28:04.312+0900 FINE t1 EventHelper.logX509CertificateEvent: X509Certificate: Alg:SHA384withECDSA, Serial:5c8b99c55a94c5d27156decd8980cc26, Subject:CN=USERTrust ECC Certification Authority, O=The USERTRUST Network, L=Jersey City, ST=New Jersey, C=US, Issuer:CN=USERTrust ECC Certification Authority, O=The USERTRUST Network, L=Jersey City, ST=New Jersey, C=US, Key type:EC, Length:384, Cert Id:-965679910, Valid from:2/1/10, 9:00 AM, Valid until:1/19/38, 8:59 AM
2021-03-23 11:28:04.312+0900 FINE t1 EventHelper.logX509CertificateEvent: X509Certificate: Alg:SHA256withECDSA, Serial:2c299c5b16ed0595, Subject:CN=SSL.com EV Root Certification Authority ECC, O=SSL Corporation, L=Houston, ST=Texas, C=US, Issuer:CN=SSL.com EV Root Certification Authority ECC, O=SSL Corporation, L=Houston, ST=Texas, C=US, Key type:EC, Length:384, Cert Id:1789254518, Valid from:2/13/16, 3:15 AM, Valid until:2/13/41, 3:15 AM
2021-03-23 11:28:04.313+0900 FINE t1 EventHelper.logX509CertificateEvent: X509Certificate: Alg:SHA384withECDSA, Serial:8bd85976c9927a48068473b, Subject:CN=Trustwave Global ECC P384 Certification Authority, O="Trustwave Holdings, Inc.", L=Chicago, ST=Illinois, C=US, Issuer:CN=Trustwave Global ECC P384 Certification Authority, O="Trustwave Holdings, Inc.", L=Chicago, ST=Illinois, C=US, Key type:EC, Length:384, Cert Id:-1993924923, Valid from:8/24/17, 4:36 AM, Valid until:8/24/42, 4:36 AM
2021-03-23 11:28:04.313+0900 FINE t1 EventHelper.logX509CertificateEvent: X509Certificate: Alg:SHA256withRSA, Serial:5ddfb1da5aa3ed5dbe5a6520650390ef, Subject:CN=UCA Global G2 Root, O=UniTrust, C=CN, Issuer:CN=UCA Global G2 Root, O=UniTrust, C=CN, Key type:RSA, Length:4096, Cert Id:1844967193, Valid from:3/11/16, 9:00 AM, Valid until:12/31/40, 9:00 AM
2021-03-23 11:28:04.313+0900 FINE t1 EventHelper.logX509CertificateEvent: X509Certificate: Alg:SHA1withRSA, Serial:57cb336fc25c16e6471617e3903168e0, Subject:CN=Network Solutions Certificate Authority, O=Network Solutions L.L.C., C=US, Issuer:CN=Network Solutions Certificate Authority, O=Network Solutions L.L.C., C=US, Key type:RSA, Length:2048, Cert Id:1751576863, Valid from:12/1/06, 9:00 AM, Valid until:1/1/30, 8:59 AM
2021-03-23 11:28:04.314+0900 FINE t1 EventHelper.logX509CertificateEvent: X509Certificate: Alg:SHA1withRSA, Serial:3ab6508b, Subject:CN=QuoVadis Root Certification Authority, OU=Root Certification Authority, O=QuoVadis Limited, C=BM, Issuer:CN=QuoVadis Root Certification Authority, OU=Root Certification Authority, O=QuoVadis Limited, C=BM, Key type:RSA, Length:2048, Cert Id:-1882405602, Valid from:3/20/01, 3:33 AM, Valid until:3/18/21, 3:33 AM
2021-03-23 11:28:04.315+0900 FINE t1 EventHelper.logX509CertificateEvent: X509Certificate: Alg:SHA256withRSA, Serial:76b1205274f0858746b3f8231af6c2c0, Subject:CN=OISTE WISeKey Global Root GB CA, OU=OISTE Foundation Endorsed, O=WISeKey, C=CH, Issuer:CN=OISTE WISeKey Global Root GB CA, OU=OISTE Foundation Endorsed, O=WISeKey, C=CH, Key type:RSA, Length:2048, Cert Id:-613481516, Valid from:12/2/14, 12:00 AM, Valid until:12/2/39, 12:10 AM
2021-03-23 11:28:04.315+0900 FINE t1 EventHelper.logX509CertificateEvent: X509Certificate: Alg:SHA384withRSA, Serial:4caaf9cadb636fe01ff74ed85b03869d, Subject:CN=COMODO RSA Certification Authority, O=COMODO CA Limited, L=Salford, ST=Greater Manchester, C=GB, Issuer:CN=COMODO RSA Certification Authority, O=COMODO CA Limited, L=Salford, ST=Greater Manchester, C=GB, Key type:RSA, Length:4096, Cert Id:1769425049, Valid from:1/19/10, 9:00 AM, Valid until:1/19/38, 8:59 AM
2021-03-23 11:28:04.315+0900 FINE t1 EventHelper.logX509CertificateEvent: X509Certificate: Alg:SHA1withRSA, Serial:40000000001154b5ac394, Subject:CN=GlobalSign Root CA, OU=Root CA, O=GlobalSign nv-sa, C=BE, Issuer:CN=GlobalSign Root CA, OU=Root CA, O=GlobalSign nv-sa, C=BE, Key type:RSA, Length:2048, Cert Id:536948034, Valid from:9/1/98, 9:00 PM, Valid until:1/28/28, 9:00 PM
2021-03-23 11:28:04.316+0900 FINE t1 EventHelper.logX509CertificateEvent: X509Certificate: Alg:SHA256withRSA, Serial:445734245b81899b35f2ceb82b3b5ba726f07528, Subject:CN=QuoVadis Root CA 2 G3, O=QuoVadis Limited, C=BM, Issuer:CN=QuoVadis Root CA 2 G3, O=QuoVadis Limited, C=BM, Key type:RSA, Length:4096, Cert Id:696763521, Valid from:1/13/12, 3:59 AM, Valid until:1/13/42, 3:59 AM
2021-03-23 11:28:04.316+0900 FINE t1 EventHelper.logX509CertificateEvent: X509Certificate: Alg:SHA256withRSA, Serial:d556fb4123ad279f, Subject:CN=gunwoow-linux1.ap.qualcomm.com, Issuer:CN=gunwoow-linux1.ap.qualcomm.com, Key type:RSA, Length:2048, Cert Id:1750772703, Valid from:11/24/20, 2:50 PM, Valid until:11/22/30, 2:50 PM
2021-03-23 11:28:04.317+0900 FINE t1 EventHelper.logX509CertificateEvent: X509Certificate: Alg:SHA384withRSA, Serial:1fd6d30fca3ca51a81bbc640e35032d, Subject:CN=USERTrust RSA Certification Authority, O=The USERTRUST Network, L=Jersey City, ST=New Jersey, C=US, Issuer:CN=USERTrust RSA Certification Authority, O=The USERTRUST Network, L=Jersey City, ST=New Jersey, C=US, Key type:RSA, Length:4096, Cert Id:-347365895, Valid from:2/1/10, 9:00 AM, Valid until:1/19/38, 8:59 AM
2021-03-23 11:28:04.317+0900 FINE t1 EventHelper.logX509CertificateEvent: X509Certificate: Alg:SHA1withRSA, Serial:456b5054, Subject:CN=Entrust Root Certification Authority, OU="(c) 2006 Entrust, Inc.", OU=www.entrust.net/CPS is incorporated by reference, O="Entrust, Inc.", C=US, Issuer:CN=Entrust Root Certification Authority, OU="(c) 2006 Entrust, Inc.", OU=www.entrust.net/CPS is incorporated by reference, O="Entrust, Inc.", C=US, Key type:RSA, Length:2048, Cert Id:-1261404096, Valid from:11/28/06, 5:23 AM, Valid until:11/28/26, 5:53 AM
2021-03-23 11:28:04.318+0900 FINE t1 EventHelper.logX509CertificateEvent: X509Certificate: Alg:SHA256withRSA, Serial:7b2c9bd316803299, Subject:CN=SSL.com Root Certification Authority RSA, O=SSL Corporation, L=Houston, ST=Texas, C=US, Issuer:CN=SSL.com Root Certification Authority RSA, O=SSL Corporation, L=Houston, ST=Texas, C=US, Key type:RSA, Length:4096, Cert Id:156725711, Valid from:2/13/16, 2:39 AM, Valid until:2/13/41, 2:39 AM
2021-03-23 11:28:04.319+0900 FINE t1 EventHelper.logX509CertificateEvent: X509Certificate: Alg:SHA1withRSA, Serial:fedce3010fc948ff, Subject:CN=Certigna, O=Dhimyotis, C=FR, Issuer:CN=Certigna, O=Dhimyotis, C=FR, Key type:RSA, Length:2048, Cert Id:-788091456, Valid from:6/30/07, 12:13 AM, Valid until:6/30/27, 12:13 AM
2021-03-23 11:28:04.319+0900 FINE t1 EventHelper.logX509CertificateEvent: X509Certificate: Alg:SHA256withRSA, Serial:600197b746a7eab4b49ad64b2ff790fb, Subject:CN=thawte Primary Root CA - G3, OU="(c) 2008 thawte, Inc. - For authorized use only", OU=Certification Services Division, O="thawte, Inc.", C=US, Issuer:CN=thawte Primary Root CA - G3, OU="(c) 2008 thawte, Inc. - For authorized use only", OU=Certification Services Division, O="thawte, Inc.", C=US, Key type:RSA, Length:2048, Cert Id:1032730720, Valid from:4/2/08, 9:00 AM, Valid until:12/2/37, 8:59 AM
2021-03-23 11:28:04.319+0900 FINE t1 EventHelper.logX509CertificateEvent: X509Certificate: Alg:SHA256withRSA, Serial:1, Subject:CN=T-TeleSec GlobalRoot Class 2, OU=T-Systems Trust Center, O=T-Systems Enterprise Services GmbH, C=DE, Issuer:CN=T-TeleSec GlobalRoot Class 2, OU=T-Systems Trust Center, O=T-Systems Enterprise Services GmbH, C=DE, Key type:RSA, Length:2048, Cert Id:-1238464039, Valid from:10/1/08, 7:40 PM, Valid until:10/2/33, 8:59 AM
2021-03-23 11:28:04.320+0900 FINE t1 EventHelper.logX509CertificateEvent: X509Certificate: Alg:SHA256withRSA, Serial:7d0997fef047ea7a, Subject:CN=GDCA TrustAUTH R5 ROOT, O="GUANG DONG CERTIFICATE AUTHORITY CO.,LTD.", C=CN, Issuer:CN=GDCA TrustAUTH R5 ROOT, O="GUANG DONG CERTIFICATE AUTHORITY CO.,LTD.", C=CN, Key type:RSA, Length:4096, Cert Id:494136981, Valid from:11/26/14, 2:13 PM, Valid until:1/1/41, 12:59 AM
2021-03-23 11:28:04.321+0900 FINE t1 EventHelper.logX509CertificateEvent: X509Certificate: Alg:SHA1withRSA, Serial:0, Subject:CN=Hellenic Academic and Research Institutions RootCA 2011, O=Hellenic Academic and Research Institutions Cert. Authority, C=GR, Issuer:CN=Hellenic Academic and Research Institutions RootCA 2011, O=Hellenic Academic and Research Institutions Cert. Authority, C=GR, Key type:RSA, Length:2048, Cert Id:-1841489473, Valid from:12/6/11, 10:49 PM, Valid until:12/1/31, 10:49 PM
2021-03-23 11:28:04.321+0900 FINE t1 EventHelper.logX509CertificateEvent: X509Certificate: Alg:SHA384withECDSA, Serial:6e47a9c76ca9732440890f0355dd8d1d, Subject:CN=GTS Root R3, O=Google Trust Services LLC, C=US, Issuer:CN=GTS Root R3, O=Google Trust Services LLC, C=US, Key type:EC, Length:384, Cert Id:-1415630551, Valid from:6/22/16, 9:00 AM, Valid until:6/22/36, 9:00 AM
2021-03-23 11:28:04.321+0900 FINE t1 EventHelper.logX509CertificateEvent: X509Certificate: Alg:SHA1withRSA, Serial:7c4f04391cd4992d, Subject:CN=AffirmTrust Networking, O=AffirmTrust, C=US, Issuer:CN=AffirmTrust Networking, O=AffirmTrust, C=US, Key type:RSA, Length:2048, Cert Id:651670175, Valid from:1/29/10, 11:08 PM, Valid until:12/31/30, 11:08 PM
2021-03-23 11:28:04.322+0900 FINE t1 EventHelper.logX509CertificateEvent: X509Certificate: Alg:SHA1withRSA, Serial:344ed55720d5edec49f42fce37db2b6d, Subject:CN=thawte Primary Root CA, OU="(c) 2006 thawte, Inc. - For authorized use only", OU=Certification Services Division, O="thawte, Inc.", C=US, Issuer:CN=thawte Primary Root CA, OU="(c) 2006 thawte, Inc. - For authorized use only", OU=Certification Services Division, O="thawte, Inc.", C=US, Key type:RSA, Length:2048, Cert Id:643000026, Valid from:11/17/06, 9:00 AM, Valid until:7/17/36, 8:59 AM
2021-03-23 11:28:04.322+0900 FINE t1 EventHelper.logX509CertificateEvent: X509Certificate: Alg:SHA256withRSA, Serial:c27e43044e473f19, Subject:EMAILADDRESS=info@e-szigno.hu, CN=Microsec e-Szigno Root CA 2009, O=Microsec Ltd., L=Budapest, C=HU, Issuer:EMAILADDRESS=info@e-szigno.hu, CN=Microsec e-Szigno Root CA 2009, O=Microsec Ltd., L=Budapest, C=HU, Key type:RSA, Length:2048, Cert Id:-1903950012, Valid from:6/16/09, 8:30 PM, Valid until:12/30/29, 8:30 PM
2021-03-23 11:28:04.323+0900 FINE t1 EventHelper.logX509CertificateEvent: X509Certificate: Alg:SHA1withRSA, Serial:-11d4c2142bde21eb579d53fb0c223bff, Subject:CN=EC-ACC, OU=Jerarquia Entitats de Certificacio Catalanes, OU=Vegeu https://www.catcert.net/verarrel (c)03, OU=Serveis Publics de Certificacio, O=Agencia Catalana de Certificacio (NIF Q-0801176-I), C=ES, Issuer:CN=EC-ACC, OU=Jerarquia Entitats de Certificacio Catalanes, OU=Vegeu https://www.catcert.net/verarrel (c)03, OU=Serveis Publics de Certificacio, O=Agencia Catalana de Certificacio (NIF Q-0801176-I), C=ES, Key type:RSA, Length:2048, Cert Id:1077306647, Valid from:1/8/03, 8:00 AM, Valid until:1/8/31, 7:59 AM
2021-03-23 11:28:04.323+0900 FINE t1 EventHelper.logX509CertificateEvent: X509Certificate: Alg:SHA256withRSA, Serial:49412ce40010, Subject:CN=NetLock Arany (Class Gold) Főtanúsítvány, OU=Tanúsítványkiadók (Certification Services), O=NetLock Kft., L=Budapest, C=HU, Issuer:CN=NetLock Arany (Class Gold) Főtanúsítvány, OU=Tanúsítványkiadók (Certification Services), O=NetLock Kft., L=Budapest, C=HU, Key type:RSA, Length:2048, Cert Id:58541246, Valid from:12/12/08, 12:08 AM, Valid until:12/7/28, 12:08 AM
2021-03-23 11:28:04.324+0900 FINE t1 EventHelper.logX509CertificateEvent: X509Certificate: Alg:SHA512withRSA, Serial:21d6d04a4f250fc93237fcaa5e128de9, Subject:CN=Certum Trusted Network CA 2, OU=Certum Certification Authority, O=Unizeto Technologies S.A., C=PL, Issuer:CN=Certum Trusted Network CA 2, OU=Certum Certification Authority, O=Unizeto Technologies S.A., C=PL, Key type:RSA, Length:4096, Cert Id:1983350452, Valid from:10/6/11, 5:39 PM, Valid until:10/6/46, 5:39 PM
2021-03-23 11:28:04.324+0900 FINE t1 EventHelper.logX509CertificateEvent: X509Certificate: Alg:SHA1withRSA, Serial:3863def8, Subject:CN=Entrust.net Certification Authority (2048), OU=(c) 1999 Entrust.net Limited, OU=www.entrust.net/CPS_2048 incorp. by ref. (limits liab.), O=Entrust.net, Issuer:CN=Entrust.net Certification Authority (2048), OU=(c) 1999 Entrust.net Limited, OU=www.entrust.net/CPS_2048 incorp. by ref. (limits liab.), O=Entrust.net, Key type:RSA, Length:2048, Cert Id:-328536082, Valid from:12/25/99, 2:50 AM, Valid until:7/24/29, 11:15 PM
2021-03-23 11:28:04.325+0900 FINE t1 EventHelper.logX509CertificateEvent: X509Certificate: Alg:SHA256withRSA, Serial:5d938d306736c8061d1ac754846907, Subject:OU=AC RAIZ FNMT-RCM, O=FNMT-RCM, C=ES, Issuer:OU=AC RAIZ FNMT-RCM, O=FNMT-RCM, C=ES, Key type:RSA, Length:4096, Cert Id:1555523573, Valid from:10/30/08, 12:59 AM, Valid until:1/1/30, 9:00 AM
2021-03-23 11:28:04.325+0900 FINE t1 EventHelper.logX509CertificateEvent: X509Certificate: Alg:SHA1withRSA, Serial:23456, Subject:CN=GeoTrust Global CA, O=GeoTrust Inc., C=US, Issuer:CN=GeoTrust Global CA, O=GeoTrust Inc., C=US, Key type:RSA, Length:2048, Cert Id:-2028617374, Valid from:5/21/02, 1:00 PM, Valid until:5/21/22, 1:00 PM
2021-03-23 11:28:04.326+0900 FINE t1 EventHelper.logX509CertificateEvent: X509Certificate: Alg:SHA1withRSA, Serial:1, Subject:CN=TWCA Root Certification Authority, OU=Root CA, O=TAIWAN-CA, C=TW, Issuer:CN=TWCA Root Certification Authority, OU=Root CA, O=TAIWAN-CA, C=TW, Key type:RSA, Length:2048, Cert Id:-1642094263, Valid from:8/28/08, 4:24 PM, Valid until:1/1/31, 12:59 AM
2021-03-23 11:28:04.326+0900 FINE t1 EventHelper.logX509CertificateEvent: X509Certificate: Alg:SHA1withRSA, Serial:83be056904246b1a1756ac95991c74a, Subject:CN=DigiCert Global Root CA, OU=www.digicert.com, O=DigiCert Inc, C=US, Issuer:CN=DigiCert Global Root CA, OU=www.digicert.com, O=DigiCert Inc, C=US, Key type:RSA, Length:2048, Cert Id:1341898239, Valid from:11/10/06, 9:00 AM, Valid until:11/10/31, 9:00 AM
2021-03-23 11:28:04.327+0900 FINE t1 EventHelper.logX509CertificateEvent: X509Certificate: Alg:SHA384withECDSA, Serial:55556bcf25ea43535c3a40fd5ab4572, Subject:CN=DigiCert Global Root G3, OU=www.digicert.com, O=DigiCert Inc, C=US, Issuer:CN=DigiCert Global Root G3, OU=www.digicert.com, O=DigiCert Inc, C=US, Key type:EC, Length:384, Cert Id:-795968543, Valid from:8/1/13, 9:00 PM, Valid until:1/15/38, 9:00 PM
2021-03-23 11:28:04.327+0900 FINE t1 EventHelper.logX509CertificateEvent: X509Certificate: Alg:SHA256withRSA, Serial:2, Subject:CN=Buypass Class 2 Root CA, O=Buypass AS-983163327, C=NO, Issuer:CN=Buypass Class 2 Root CA, O=Buypass AS-983163327, C=NO, Key type:RSA, Length:4096, Cert Id:969960563, Valid from:10/26/10, 5:38 PM, Valid until:10/26/40, 5:38 PM
2021-03-23 11:28:04.327+0900 FINE t1 EventHelper.logX509CertificateEvent: X509Certificate: Alg:SHA256withRSA, Serial:5f70e86da49f346352ebab2, Subject:CN=Trustwave Global Certification Authority, O="Trustwave Holdings, Inc.", L=Chicago, ST=Illinois, C=US, Issuer:CN=Trustwave Global Certification Authority, O="Trustwave Holdings, Inc.", L=Chicago, ST=Illinois, C=US, Key type:RSA, Length:4096, Cert Id:416366836, Valid from:8/24/17, 4:34 AM, Valid until:8/24/42, 4:34 AM
2021-03-23 11:28:04.328+0900 FINE t1 EventHelper.logX509CertificateEvent: X509Certificate: Alg:SHA256withRSA, Serial:84822c5f1c62d040, Subject:CN=TrustCor ECA-1, OU=TrustCor Certificate Authority, O=TrustCor Systems S. de R.L., L=Panama City, ST=Panama, C=PA, Issuer:CN=TrustCor ECA-1, OU=TrustCor Certificate Authority, O=TrustCor Systems S. de R.L., L=Panama City, ST=Panama, C=PA, Key type:RSA, Length:2048, Cert Id:1382581529, Valid from:2/4/16, 9:32 PM, Valid until:1/1/30, 2:28 AM
2021-03-23 11:28:04.328+0900 FINE t1 EventHelper.logX509CertificateEvent: X509Certificate: Alg:SHA256withRSA, Serial:570a119742c4e3cc, Subject:CN=Actalis Authentication Root CA, O=Actalis S.p.A./03358520967, L=Milan, C=IT, Issuer:CN=Actalis Authentication Root CA, O=Actalis S.p.A./03358520967, L=Milan, C=IT, Key type:RSA, Length:4096, Cert Id:1729119956, Valid from:9/22/11, 8:22 PM, Valid until:9/22/30, 8:22 PM
2021-03-23 11:28:04.329+0900 FINE t1 EventHelper.logX509CertificateEvent: X509Certificate: Alg:SHA1withRSA, Serial:bb401c43f55e4fb0, Subject:CN=SwissSign Gold CA - G2, O=SwissSign AG, C=CH, Issuer:CN=SwissSign Gold CA - G2, O=SwissSign AG, C=CH, Key type:RSA, Length:4096, Cert Id:1516221943, Valid from:10/25/06, 5:30 PM, Valid until:10/25/36, 5:30 PM
2021-03-23 11:28:04.329+0900 FINE t1 EventHelper.logX509CertificateEvent: X509Certificate: Alg:SHA1withRSA, Serial:3e8, Subject:CN=Hongkong Post Root CA 1, O=Hongkong Post, C=HK, Issuer:CN=Hongkong Post Root CA 1, O=Hongkong Post, C=HK, Key type:RSA, Length:2048, Cert Id:-1426826250, Valid from:5/15/03, 2:13 PM, Valid until:5/15/23, 1:52 PM
2021-03-23 11:28:04.330+0900 FINE t1 EventHelper.logX509CertificateEvent: X509Certificate: Alg:SHA1withRSA, Serial:1d, Subject:CN=Sonera Class2 CA, O=Sonera, C=FI, Issuer:CN=Sonera Class2 CA, O=Sonera, C=FI, Key type:RSA, Length:2048, Cert Id:-572101437, Valid from:4/6/01, 4:29 PM, Valid until:4/6/21, 4:29 PM
2021-03-23 11:28:04.330+0900 FINE t1 EventHelper.logX509CertificateEvent: X509Certificate: Alg:SHA384withRSA, Serial:66c9fd29635869f0a0fe58678f85b26bb8a37, Subject:CN=Amazon Root CA 2, O=Amazon, C=US, Issuer:CN=Amazon Root CA 2, O=Amazon, C=US, Key type:RSA, Length:4096, Cert Id:-1766132388, Valid from:5/26/15, 9:00 AM, Valid until:5/26/40, 9:00 AM
2021-03-23 11:28:04.331+0900 FINE t1 EventHelper.logX509CertificateEvent: X509Certificate: Alg:SHA1withRSA, Serial:18dad19e267de8bb4a2158cdcc6b3b4a, Subject:CN=VeriSign Class 3 Public Primary Certification Authority - G5, OU="(c) 2006 VeriSign, Inc. - For authorized use only", OU=VeriSign Trust Network, O="VeriSign, Inc.", C=US, Issuer:CN=VeriSign Class 3 Public Primary Certification Authority - G5, OU="(c) 2006 VeriSign, Inc. - For authorized use only", OU=VeriSign Trust Network, O="VeriSign, Inc.", C=US, Key type:RSA, Length:2048, Cert Id:303010488, Valid from:11/8/06, 9:00 AM, Valid until:7/17/36, 8:59 AM
2021-03-23 11:28:04.331+0900 FINE t1 EventHelper.logX509CertificateEvent: X509Certificate: Alg:SHA256withRSA, Serial:110034b64ec6362d36, Subject:OU=certSIGN ROOT CA G2, O=CERTSIGN SA, C=RO, Issuer:OU=certSIGN ROOT CA G2, O=CERTSIGN SA, C=RO, Key type:RSA, Length:4096, Cert Id:-2113880430, Valid from:2/6/17, 6:27 PM, Valid until:2/6/42, 6:27 PM
2021-03-23 11:28:04.339+0900 FINEST t1 HttpURLConnection.plainConnect0: ProxySelector Request for https://automagok-grok.ap.qualcomm.com:7070/source/api/v1/configuration/projectsEnabled
2021-03-23 11:28:04.339+0900 FINEST t1 HttpsClient.New: Looking for HttpClient for URL https://automagok-grok.ap.qualcomm.com:7070/source/api/v1/configuration/projectsEnabled and proxy value of DIRECT
2021-03-23 11:28:04.340+0900 FINEST t1 HttpsClient.<init>: Creating new HttpsClient with url:https://automagok-grok.ap.qualcomm.com:7070/source/api/v1/configuration/projectsEnabled and proxy:DIRECT with connect timeout:0
2021-03-23 11:28:04.352+0900 FINEST t1 HttpURLConnection.plainConnect0: Proxy used: DIRECT
2021-03-23 11:28:04.399+0900 FINE t1 EventHelper.logX509CertificateEvent: X509Certificate: Alg:SHA256withRSA, Serial:71000074cfd3c44874e1fd54ee0002000074cf, Subject:CN=automagok-grok.ap.qualcomm.com, OU=Automotive, O=Qualcomm, L=Magok, ST=Seoul, C=KR, Issuer:CN=Qualcomm Intranet Signing Certificate Services, O=QUALCOMM, L=San Diego, ST=California, DC=na, DC=qualcomm, DC=com, C=US, Key type:RSA, Length:2048, Cert Id:1398651644, Valid from:3/22/21, 3:33 PM, Valid until:3/22/23, 3:33 PM
2021-03-23 11:28:04.499+0900 FINE t1 EventHelper.logX509ValidationEvent: ValidationChain: -453576558, 1398651644
2021-03-23 11:28:04.509+0900 FINE t1 EventHelper.logTLSHandshakeEvent:  TLSHandshake: automagok-grok.ap.qualcomm.com:7070, TLSv1.3, TLS_AES_128_GCM_SHA256, 1398651644
2021-03-23 11:28:04.538+0900 FINE t1 HttpURLConnection.writeRequests: sun.net.www.MessageHeader@5d2a4eed5 pairs: {GET /source/api/v1/configuration/projectsEnabled HTTP/1.1: null}{User-Agent: Jersey/2.30.1 (HttpUrlConnection 11.0.5)}{Host: automagok-grok.ap.qualcomm.com:7070}{Accept: text/html, image/gif, image/jpeg, *; q=.2, */*; q=.2}{Connection: keep-alive}
2021-03-23 11:28:04.576+0900 FINEST t1 HttpClient.logFinest: KeepAlive stream used: https://automagok-grok.ap.qualcomm.com:7070/source/api/v1/configuration/projectsEnabled
2021-03-23 11:28:04.578+0900 FINE t1 HttpURLConnection.getInputStream0: sun.net.www.MessageHeader@5a7005d6 pairs: {null: HTTP/1.1 200}{Content-Type: application/json}{Content-Length: 4}{Date: Tue, 23 Mar 2021 02:28:04 GMT}{Keep-Alive: timeout=60}{Connection: keep-alive}
2021-03-23 11:28:04.589+0900 FINEST t1 ExtendedLogger.debugLog: [DEBUG] Released scope instance Instance{id=7f343d8f-85ac-4f8c-8516-c425e6cf85d1, referenceCounter=0, store size=0} on thread main
2021-03-23 11:28:04.589+0900 INFO t1 Indexer.main: Indexer version 1.5.11 (ecb835e51b5e71d0c9046b7924aec2d75cd5016b) running on Java 11.0.5
2021-03-23 11:28:04.593+0900 FINE t1 Executor.exec: Executing command [/usr/local/bin/ctags --version] in directory /var/qct_auto_programs/opengrok_auto_upload/opengrok_update with environment: {PATH=/usr2/seonkim/.jenv/bin:/usr2/seonkim/.jenv/bin:/usr2/seonkim/bin:/usr/local/sbin:/usr/local/bin:/usr/sbin:/usr/bin:/sbin:/bin:/usr/games:/usr/local/games:/snap/bin:/ptj/qct/asw/qctss/linux/bin/:/pkg/qct/software/perforce/current:/prj/qct/asw/qctss/linux/bin/:/prj/qct/asw/qctss/linux/bin/, XDG_DATA_DIRS=/usr/local/share:/usr/share:/var/lib/snapd/desktop, JAVA_HOME=/usr/lib/jvm/java-11-openjdk-amd64/, TERM=xterm, LANG=en_US.UTF-8, XDG_SESSION_ID=7351, P4CONFIG=.p4config, DISPLAY=localhost:11.0, MAIL=/var/mail/seonkim, LOGNAME=seonkim, PWD=/var/qct_auto_programs/opengrok_auto_upload/opengrok_update, DERBY_HOME=/usr/lib/jvm/java-15-oracle/db, _=/usr/bin/java, LANGUAGE=en_US:, OPENGROK_TOMCAT_BASE=/usr/share/tomcat8, P4PORT=qctp401:1666, SHELL=/bin/bash, P4USER=seonkim, SSH_TTY=/dev/pts/1, SSH_CLIENT=10.240.65.175 58410 22, J2SDKDIR=/usr/lib/jvm/java-15-oracle, CATALINA_HOME=/usr/share/tomcat8, OLDPWD=/var/qct_auto_programs/opengrok_auto_upload, USER=seonkim, J2REDIR=/usr/lib/jvm/java-15-oracle, SSH_CONNECTION=10.240.65.175 58410 10.240.65.221 22, QT_QPA_PLATFORMTHEME=appmenu-qt5, XDG_RUNTIME_DIR=/run/user/3835720, HOME=/usr2/seonkim, SHLVL=1}
2021-03-23 11:28:04.602+0900 FINE t1 Statistics.logIt: Finished command [/usr/local/bin/ctags --version] in directory /var/qct_auto_programs/opengrok_auto_upload/opengrok_update with exit code 0 (took 7 ms)
2021-03-23 11:28:04.602+0900 FINE t1 Executor.exec: Finished command [/usr/local/bin/ctags --version] in directory /var/qct_auto_programs/opengrok_auto_upload/opengrok_update with exit code 0
2021-03-23 11:28:04.603+0900 INFO t1 CtagsUtil.validate: Using ctags: Universal Ctags 5.9.0(8915938), Copyright (C) 2015 Universal Ctags Team
Universal Ctags is derived from Exuberant Ctags.
Exuberant Ctags 5.8, Copyright (C) 1996-2009 Darren Hiebert
  Compiled: Jan 12 2021, 11:45:21
  URL: https://ctags.io/
  Optional compiled features: +wildcards, +regex, +iconv, +option-directory, +packcc
2021-03-23 11:28:04.603+0900 FINE t1 Executor.exec: Executing command [/usr/local/bin/ctags --list-languages] in directory /var/qct_auto_programs/opengrok_auto_upload/opengrok_update with environment: {PATH=/usr2/seonkim/.jenv/bin:/usr2/seonkim/.jenv/bin:/usr2/seonkim/bin:/usr/local/sbin:/usr/local/bin:/usr/sbin:/usr/bin:/sbin:/bin:/usr/games:/usr/local/games:/snap/bin:/ptj/qct/asw/qctss/linux/bin/:/pkg/qct/software/perforce/current:/prj/qct/asw/qctss/linux/bin/:/prj/qct/asw/qctss/linux/bin/, XDG_DATA_DIRS=/usr/local/share:/usr/share:/var/lib/snapd/desktop, JAVA_HOME=/usr/lib/jvm/java-11-openjdk-amd64/, TERM=xterm, LANG=en_US.UTF-8, XDG_SESSION_ID=7351, P4CONFIG=.p4config, DISPLAY=localhost:11.0, MAIL=/var/mail/seonkim, LOGNAME=seonkim, PWD=/var/qct_auto_programs/opengrok_auto_upload/opengrok_update, DERBY_HOME=/usr/lib/jvm/java-15-oracle/db, _=/usr/bin/java, LANGUAGE=en_US:, OPENGROK_TOMCAT_BASE=/usr/share/tomcat8, P4PORT=qctp401:1666, SHELL=/bin/bash, P4USER=seonkim, SSH_TTY=/dev/pts/1, SSH_CLIENT=10.240.65.175 58410 22, J2SDKDIR=/usr/lib/jvm/java-15-oracle, CATALINA_HOME=/usr/share/tomcat8, OLDPWD=/var/qct_auto_programs/opengrok_auto_upload, USER=seonkim, J2REDIR=/usr/lib/jvm/java-15-oracle, SSH_CONNECTION=10.240.65.175 58410 10.240.65.221 22, QT_QPA_PLATFORMTHEME=appmenu-qt5, XDG_RUNTIME_DIR=/run/user/3835720, HOME=/usr2/seonkim, SHLVL=1}
2021-03-23 11:28:04.604+0900 FINE t1 Statistics.logIt: Finished command [/usr/local/bin/ctags --list-languages] in directory /var/qct_auto_programs/opengrok_auto_upload/opengrok_update with exit code 0 (took 1 ms)
2021-03-23 11:28:04.605+0900 FINE t1 Executor.exec: Finished command [/usr/local/bin/ctags --list-languages] in directory /var/qct_auto_programs/opengrok_auto_upload/opengrok_update with exit code 0
2021-03-23 11:28:04.606+0900 INFO t1 Indexer.prepareIndexer: Generating history cache for all repositories ...
2021-03-23 11:28:04.609+0900 INFO t1 HistoryGuru.createCacheReal: Creating historycache for 0 repositories
2021-03-23 11:28:04.609+0900 INFO t1 Statistics.logIt: Done history cache for all repositories (took 2 ms)
2021-03-23 11:28:04.609+0900 INFO t1 Indexer.prepareIndexer: Done...
2021-03-23 11:28:04.610+0900 INFO t1 Indexer.doIndexerExecution: Starting indexing
2021-03-23 11:28:04.642+0900 INFO t1 Indexer.doIndexerExecution: Waiting for the executors to finish
2021-03-23 11:28:04.684+0900 SEVERE t20 IndexDatabase$1.run: Problem updating index database in directory /local3/opengrok/data/index: 
java.nio.file.AccessDeniedException: /local3/opengrok/data/index
	at java.base/sun.nio.fs.UnixException.translateToIOException(UnixException.java:90)
	at java.base/sun.nio.fs.UnixException.rethrowAsIOException(UnixException.java:111)
	at java.base/sun.nio.fs.UnixException.rethrowAsIOException(UnixException.java:116)
	at java.base/sun.nio.fs.UnixFileSystemProvider.newDirectoryStream(UnixFileSystemProvider.java:432)
	at java.base/java.nio.file.Files.newDirectoryStream(Files.java:471)
	at org.apache.lucene.store.FSDirectory.listAll(FSDirectory.java:214)
	at org.apache.lucene.store.FSDirectory.listAll(FSDirectory.java:233)
	at org.apache.lucene.store.FilterDirectory.listAll(FilterDirectory.java:58)
	at org.apache.lucene.index.DirectoryReader.indexExists(DirectoryReader.java:321)
	at org.apache.lucene.index.IndexWriter.<init>(IndexWriter.java:804)
	at org.opengrok.indexer.index.IndexDatabase.update(IndexDatabase.java:421)
	at org.opengrok.indexer.index.IndexDatabase$1.run(IndexDatabase.java:219)
	at java.base/java.util.concurrent.Executors$RunnableAdapter.call(Executors.java:515)
	at java.base/java.util.concurrent.FutureTask.run(FutureTask.java:264)
	at java.base/java.util.concurrent.ThreadPoolExecutor.runWorker(ThreadPoolExecutor.java:1128)
	at java.base/java.util.concurrent.ThreadPoolExecutor$Worker.run(ThreadPoolExecutor.java:628)
	at java.base/java.lang.Thread.run(Thread.java:834)

2021-03-23 11:28:04.685+0900 INFO t1 Statistics.logIt: Done indexing data of all repositories (took 75 ms)
2021-03-23 11:28:04.685+0900 INFO t1 Indexer.writeConfigToFile: Writing configuration to /local3/opengrok/etc/configuration.xml
2021-03-23 11:28:04.740+0900 INFO t1 Indexer.writeConfigToFile: Done...
2021-03-23 11:28:04.740+0900 INFO t1 Indexer.sendToConfigHost: Sending configuration to: https://automagok-grok.ap.qualcomm.com:7070/source
2021-03-23 11:28:04.748+0900 FINEST t1 ServiceFinder$LazyObjectIterator.next: Loading next object: org.glassfish.jersey.inject.hk2.Hk2InjectionManagerFactory
2021-03-23 11:28:04.749+0900 FINER t1 Logger.debug: Created ServiceLocator ServiceLocatorImpl(__HK2_Generated_1,1,1554877309)
2021-03-23 11:28:04.751+0900 FINE t1 AbstractHk2InjectionManager.<init>: Clearing Jersey HK2 caches. Service cache size: 3, reflection cache size: 20.
2021-03-23 11:28:04.753+0900 FINEST t1 ServiceFinder$LazyClassIterator.next: Loading next class: org.glassfish.jersey.logging.LoggingFeatureAutoDiscoverable
2021-03-23 11:28:04.753+0900 FINEST t1 ServiceFinder$LazyClassIterator.next: Loading next class: org.glassfish.jersey.internal.config.ExternalPropertiesAutoDiscoverable
2021-03-23 11:28:04.754+0900 FINEST t1 ServiceFinder$LazyClassIterator.next: Loading next class: org.glassfish.jersey.server.filter.internal.ServerFiltersAutoDiscoverable
2021-03-23 11:28:04.754+0900 FINEST t1 ServiceFinder$LazyClassIterator.next: Loading next class: org.glassfish.jersey.jackson.internal.JacksonAutoDiscoverable
2021-03-23 11:28:04.755+0900 FINEST t1 ServiceFinder$LazyClassIterator.next: Loading next class: org.glassfish.jersey.server.validation.internal.ValidationAutoDiscoverable
2021-03-23 11:28:04.755+0900 FINEST t1 ServiceFinder$LazyClassIterator.next: Loading next class: org.glassfish.jersey.server.wadl.internal.WadlAutoDiscoverable
2021-03-23 11:28:04.755+0900 FINEST t1 ServiceFinder$LazyClassIterator.next: Loading next class: org.glassfish.jersey.server.internal.monitoring.MonitoringAutodiscoverable
2021-03-23 11:28:04.756+0900 FINEST t1 ServiceFinder$LazyClassIterator.next: Loading next class: org.glassfish.jersey.jaxb.internal.JaxbAutoDiscoverable
2021-03-23 11:28:04.758+0900 FINER t1 SystemPropertiesConfigurationModel.getProperties: System properties configuration provider not allowed
2021-03-23 11:28:04.758+0900 FINE t1 ClientExecutorProvidersConfigurator.lookupManagedScheduledExecutorService: null
java.lang.reflect.InvocationTargetException
	at java.base/jdk.internal.reflect.NativeMethodAccessorImpl.invoke0(Native Method)
	at java.base/jdk.internal.reflect.NativeMethodAccessorImpl.invoke(NativeMethodAccessorImpl.java:62)
	at java.base/jdk.internal.reflect.DelegatingMethodAccessorImpl.invoke(DelegatingMethodAccessorImpl.java:43)
	at java.base/java.lang.reflect.Method.invoke(Method.java:566)
	at org.glassfish.jersey.client.ClientExecutorProvidersConfigurator.lookupManagedScheduledExecutorService(ClientExecutorProvidersConfigurator.java:174)
	at org.glassfish.jersey.client.ClientExecutorProvidersConfigurator.init(ClientExecutorProvidersConfigurator.java:124)
	at org.glassfish.jersey.client.ClientConfig$State.initRuntime(ClientConfig.java:447)
	at org.glassfish.jersey.internal.util.collection.Values$LazyValueImpl.get(Values.java:317)
	at org.glassfish.jersey.client.ClientConfig.getRuntime(ClientConfig.java:807)
	at org.glassfish.jersey.client.ClientRequest.getClientRuntime(ClientRequest.java:219)
	at org.glassfish.jersey.client.ClientRequest.getInjectionManager(ClientRequest.java:610)
	at org.glassfish.jersey.client.JerseyWebTarget.onBuilder(JerseyWebTarget.java:364)
	at org.glassfish.jersey.client.JerseyWebTarget.request(JerseyWebTarget.java:192)
	at org.glassfish.jersey.client.JerseyWebTarget.request(JerseyWebTarget.java:36)
	at org.opengrok.indexer.configuration.RuntimeEnvironment.writeConfiguration(RuntimeEnvironment.java:1420)
	at org.opengrok.indexer.index.Indexer.sendToConfigHost(Indexer.java:1134)
	at org.opengrok.indexer.index.Indexer.main(Indexer.java:379)
Caused by: javax.naming.NoInitialContextException: Need to specify class name in environment or system property, or in an application resource file: java.naming.factory.initial
	at java.naming/javax.naming.spi.NamingManager.getInitialContext(NamingManager.java:685)
	at java.naming/javax.naming.InitialContext.getDefaultInitCtx(InitialContext.java:305)
	at java.naming/javax.naming.InitialContext.getURLOrDefaultInitCtx(InitialContext.java:342)
	at java.naming/javax.naming.InitialContext.lookup(InitialContext.java:409)
	... 17 more

2021-03-23 11:28:04.759+0900 CONFIG t1 ExtendedLogger.config: Selected ExecutorServiceProvider implementation [org.glassfish.jersey.client.DefaultClientAsyncExecutorProvider] to be used for injection of executor qualified by [org.glassfish.jersey.client.ClientAsyncExecutor] annotation.
2021-03-23 11:28:04.759+0900 CONFIG t1 ExtendedLogger.config: Selected ScheduledExecutorServiceProvider implementation [org.glassfish.jersey.client.DefaultClientBackgroundSchedulerProvider] to be used for injection of scheduler qualified by [org.glassfish.jersey.client.ClientBackgroundScheduler] annotation.
2021-03-23 11:28:04.769+0900 CONFIG t1 HttpUrlConnector.<init>: Restricted headers are not enabled using [sun.net.http.allowRestrictedHeaders] system property (setting only takes effect on connections created after the property has been set/changed).
2021-03-23 11:28:04.773+0900 FINEST t1 HttpURLConnection.plainConnect0: ProxySelector Request for https://automagok-grok.ap.qualcomm.com:7070/source/api/v1/configuration?reindex=true
2021-03-23 11:28:04.773+0900 FINEST t1 HttpsClient.New: Looking for HttpClient for URL https://automagok-grok.ap.qualcomm.com:7070/source/api/v1/configuration?reindex=true and proxy value of DIRECT
2021-03-23 11:28:04.773+0900 FINEST t1 HttpsClient.<init>: Creating new HttpsClient with url:https://automagok-grok.ap.qualcomm.com:7070/source/api/v1/configuration?reindex=true and proxy:DIRECT with connect timeout:0
2021-03-23 11:28:04.773+0900 FINEST t1 HttpURLConnection.plainConnect0: Proxy used: DIRECT
2021-03-23 11:28:04.795+0900 FINE t1 EventHelper.logX509ValidationEvent: ValidationChain: -453576558, 1398651644
2021-03-23 11:28:04.798+0900 FINE t1 EventHelper.logTLSHandshakeEvent:  TLSHandshake: automagok-grok.ap.qualcomm.com:7070, TLSv1.3, TLS_AES_128_GCM_SHA256, 1398651644
2021-03-23 11:28:04.799+0900 FINE t1 HttpURLConnection.writeRequests: sun.net.www.MessageHeader@6d8689977 pairs: {PUT /source/api/v1/configuration?reindex=true HTTP/1.1: null}{Content-Type: application/xml}{User-Agent: Jersey/2.30.1 (HttpUrlConnection 11.0.5)}{Host: automagok-grok.ap.qualcomm.com:7070}{Accept: text/html, image/gif, image/jpeg, *; q=.2, */*; q=.2}{Connection: keep-alive}{Content-Length: 1999}
2021-03-23 11:28:04.807+0900 FINE t1 HttpURLConnection.getInputStream0: sun.net.www.MessageHeader@2c383e334 pairs: {null: HTTP/1.1 204}{Date: Tue, 23 Mar 2021 02:28:04 GMT}{Keep-Alive: timeout=60}{Connection: keep-alive}
2021-03-23 11:28:04.808+0900 INFO t1 Indexer.sendToConfigHost: Configuration update routine done, check log output for errors.
2021-03-23 11:28:04.808+0900 INFO t1 Statistics.logIt: Indexer finished (took 962 ms)
